Using pre-set license
Built from '2021.3/staging' branch; Version is '2021.3.20f1 (577897200b8b) revision 5732503'; Using compiler version '192829333'; Build Type 'Release'
OS: 'Windows 10  (10.0.19045) 64bit Professional' Language: 'ko' Physical Memory: 16194 MB
BatchMode: 1, IsHumanControllingUs: 0, StartBugReporterOnCrash: 0, Is64bit: 1, IsPro: 1

COMMAND LINE ARGUMENTS:
C:\Program Files\Unity\Hub\Editor\2021.3.20f1\Editor\Unity.exe
-adb2
-batchMode
-noUpm
-name
AssetImportWorker9
-projectPath
C:/Users/SGA/Desktop/국비김문주/unity/FunGame3D/My project
-logFile
Logs/AssetImportWorker9.log
-srvPort
49986
Successfully changed project path to: C:/Users/SGA/Desktop/국비김문주/unity/FunGame3D/My project
C:/Users/SGA/Desktop/국비김문주/unity/FunGame3D/My project
[UnityMemory] Configuration Parameters - Can be set up in boot.config
    "memorysetup-bucket-allocator-granularity=16"
    "memorysetup-bucket-allocator-bucket-count=8"
    "memorysetup-bucket-allocator-block-size=33554432"
    "memorysetup-bucket-allocator-block-count=8"
    "memorysetup-main-allocator-block-size=16777216"
    "memorysetup-thread-allocator-block-size=16777216"
    "memorysetup-gfx-main-allocator-block-size=16777216"
    "memorysetup-gfx-thread-allocator-block-size=16777216"
    "memorysetup-cache-allocator-block-size=4194304"
    "memorysetup-typetree-allocator-block-size=2097152"
    "memorysetup-profiler-bucket-allocator-granularity=16"
    "memorysetup-profiler-bucket-allocator-bucket-count=8"
    "memorysetup-profiler-bucket-allocator-block-size=33554432"
    "memorysetup-profiler-bucket-allocator-block-count=8"
    "memorysetup-profiler-allocator-block-size=16777216"
    "memorysetup-profiler-editor-allocator-block-size=1048576"
    "memorysetup-temp-allocator-size-main=16777216"
    "memorysetup-job-temp-allocator-block-size=2097152"
    "memorysetup-job-temp-allocator-block-size-background=1048576"
    "memorysetup-job-temp-allocator-reduction-small-platforms=262144"
    "memorysetup-temp-allocator-size-background-worker=32768"
    "memorysetup-temp-allocator-size-job-worker=262144"
    "memorysetup-temp-allocator-size-preload-manager=33554432"
    "memorysetup-temp-allocator-size-nav-mesh-worker=65536"
    "memorysetup-temp-allocator-size-audio-worker=65536"
    "memorysetup-temp-allocator-size-cloud-worker=32768"
    "memorysetup-temp-allocator-size-gi-baking-worker=262144"
    "memorysetup-temp-allocator-size-gfx=262144"
Player connection [156] Host "[IP] 192.168.0.102 [Port] 0 [Flags] 2 [Guid] 950158109 [EditorId] 950158109 [Version] 1048832 [Id] WindowsEditor(7,DESKTOP-HQKDT44) [Debug] 1 [PackageName] WindowsEditor [ProjectName] Editor" joined multi-casting on [225.0.0.222:54997]...

Player connection [156] Host "[IP] 192.168.0.102 [Port] 0 [Flags] 2 [Guid] 950158109 [EditorId] 950158109 [Version] 1048832 [Id] WindowsEditor(7,DESKTOP-HQKDT44) [Debug] 1 [PackageName] WindowsEditor [ProjectName] Editor" joined alternative multi-casting on [225.0.0.222:34997]...

Refreshing native plugins compatible for Editor in 59.33 ms, found 3 plugins.
Preloading 0 native plugins for Editor in 0.00 ms.
Initialize engine version: 2021.3.20f1 (577897200b8b)
[Subsystems] Discovering subsystems at path C:/Program Files/Unity/Hub/Editor/2021.3.20f1/Editor/Data/Resources/UnitySubsystems
[Subsystems] Discovering subsystems at path C:/Users/SGA/Desktop/국비김문주/unity/FunGame3D/My project/Assets
GfxDevice: creating device client; threaded=0; jobified=0
Direct3D:
    Version:  Direct3D 11.0 [level 11.1]
    Renderer: NVIDIA GeForce GTX 1650 (ID=0x1f82)
    Vendor:   NVIDIA
    VRAM:     3949 MB
    Driver:   31.0.15.3179
Initialize mono
Mono path[0] = 'C:/Program Files/Unity/Hub/Editor/2021.3.20f1/Editor/Data/Managed'
Mono path[1] = 'C:/Program Files/Unity/Hub/Editor/2021.3.20f1/Editor/Data/MonoBleedingEdge/lib/mono/unityjit-win32'
Mono config path = 'C:/Program Files/Unity/Hub/Editor/2021.3.20f1/Editor/Data/MonoBleedingEdge/etc'
Using monoOptions --debugger-agent=transport=dt_socket,embedding=1,server=y,suspend=n,address=127.0.0.1:56800
Begin MonoManager ReloadAssembly
Registering precompiled unity dll's ...
Register platform support module: C:/Program Files/Unity/Hub/Editor/2021.3.20f1/Editor/Data/PlaybackEngines/WindowsStandaloneSupport/UnityEditor.WindowsStandalone.Extensions.dll
Registered in 0.003864 seconds.
Native extension for WindowsStandalone target not found
Refreshing native plugins compatible for Editor in 58.05 ms, found 3 plugins.
Preloading 0 native plugins for Editor in 0.00 ms.
Mono: successfully reloaded assembly
- Completed reload, in  0.678 seconds
Domain Reload Profiling:
	ReloadAssembly (678ms)
		BeginReloadAssembly (67ms)
			ExecutionOrderSort (0ms)
			DisableScriptedObjects (0ms)
			BackupInstance (0ms)
			ReleaseScriptingObjects (0ms)
			CreateAndSetChildDomain (1ms)
		EndReloadAssembly (436ms)
			LoadAssemblies (66ms)
			RebuildTransferFunctionScriptingTraits (0ms)
			SetupTypeCache (191ms)
			ReleaseScriptCaches (0ms)
			RebuildScriptCaches (19ms)
			SetupLoadedEditorAssemblies (191ms)
				LogAssemblyErrors (0ms)
				InitializePlatformSupportModulesInManaged (6ms)
				SetLoadedEditorAssemblies (0ms)
				RefreshPlugins (58ms)
				BeforeProcessingInitializeOnLoad (1ms)
				ProcessInitializeOnLoadAttributes (88ms)
				ProcessInitializeOnLoadMethodAttributes (37ms)
				AfterProcessingInitializeOnLoad (0ms)
				EditorAssembliesLoaded (0ms)
			ExecutionOrderSort2 (0ms)
			AwakeInstancesAfterBackupRestoration (0ms)
Platform modules already initialized, skipping
Registering precompiled user dll's ...
Registered in 0.002873 seconds.
Begin MonoManager ReloadAssembly
Symbol file LoadedFromMemory doesn't match image C:\Users\SGA\Desktop\국비김문주\unity\FunGame3D\My project\Library\PackageCache\com.unity.visualscripting@1.8.0\Editor\VisualScripting.Core\Dependencies\YamlDotNet\Unity.VisualScripting.YamlDotNet.dll
Symbol file LoadedFromMemory doesn't match image C:\Users\SGA\Desktop\국비김문주\unity\FunGame3D\My project\Library\PackageCache\com.unity.visualscripting@1.8.0\Editor\VisualScripting.Core\Dependencies\DotNetZip\Unity.VisualScripting.IonicZip.dll
Native extension for WindowsStandalone target not found
Refreshing native plugins compatible for Editor in 0.47 ms, found 3 plugins.
Preloading 0 native plugins for Editor in 0.00 ms.
Mono: successfully reloaded assembly
- Completed reload, in  0.815 seconds
Domain Reload Profiling:
	ReloadAssembly (816ms)
		BeginReloadAssembly (83ms)
			ExecutionOrderSort (0ms)
			DisableScriptedObjects (4ms)
			BackupInstance (0ms)
			ReleaseScriptingObjects (0ms)
			CreateAndSetChildDomain (14ms)
		EndReloadAssembly (660ms)
			LoadAssemblies (59ms)
			RebuildTransferFunctionScriptingTraits (0ms)
			SetupTypeCache (279ms)
			ReleaseScriptCaches (0ms)
			RebuildScriptCaches (40ms)
			SetupLoadedEditorAssemblies (257ms)
				LogAssemblyErrors (0ms)
				InitializePlatformSupportModulesInManaged (4ms)
				SetLoadedEditorAssemblies (0ms)
				RefreshPlugins (1ms)
				BeforeProcessingInitializeOnLoad (56ms)
				ProcessInitializeOnLoadAttributes (175ms)
				ProcessInitializeOnLoadMethodAttributes (16ms)
				AfterProcessingInitializeOnLoad (5ms)
				EditorAssembliesLoaded (0ms)
			ExecutionOrderSort2 (0ms)
			AwakeInstancesAfterBackupRestoration (5ms)
Platform modules already initialized, skipping
========================================================================
Worker process is ready to serve import requests
Launched and connected shader compiler UnityShaderCompiler.exe after 0.05 seconds
Refreshing native plugins compatible for Editor in 0.43 ms, found 3 plugins.
Preloading 0 native plugins for Editor in 0.00 ms.
Unloading 3141 Unused Serialized files (Serialized files now loaded: 0)
Unloading 24 unused Assets / (114.0 KB). Loaded Objects now: 3614.
Memory consumption went from 115.4 MB to 115.2 MB.
Total: 2.115600 ms (FindLiveObjects: 0.165100 ms CreateObjectMapping: 0.072500 ms MarkObjects: 1.785500 ms  DeleteObjects: 0.091500 ms)

AssetImportParameters requested are different than current active one (requested -> active):
  custom:video-decoder-ogg-theora: a1e56fd34408186e4bbccfd4996cb3dc -> 
  custom:container-muxer-webm: aa71ff27fc2769a1b78a27578f13a17b -> 
  custom:container-demuxer-webm: 4f35f7cbe854078d1ac9338744f61a02 -> 
  custom:video-encoder-webm-vp8: eb34c28f22e8b96e1ab97ce403110664 -> 
  custom:audio-encoder-webm-vorbis: bf7c407c2cedff20999df2af8eb42d56 -> 
  custom:framework-win-MediaFoundation: 216162199b28c13a410421893ffa2e32 -> 
  custom:container-demuxer-ogg: 62fdf1f143b41e24485cea50d1cbac27 -> 
  custom:video-decoder-webm-vp8: 9c59270c3fd7afecdb556c50c9e8de78 -> 
  custom:audio-decoder-ogg-vorbis: bf7c407c2cedff20999df2af8eb42d56 -> 
========================================================================
Received Import Request.
  Time since last request: 8863.375719 seconds.
  path: Assets/99.Resource/JMO Assets/Cartoon FX Remaster/CFXR Assets/Graphics/cfxr water small splash stretch nosp hdr ab.mat
  artifactKey: Guid(36dcca5227bbc824d80abd795d31fe48) Importer(815301076,1909f56bfc062723c751e8b465ee728b)
Start importing Assets/99.Resource/JMO Assets/Cartoon FX Remaster/CFXR Assets/Graphics/cfxr water small splash stretch nosp hdr ab.mat using Guid(36dcca5227bbc824d80abd795d31fe48) Importer(815301076,1909f56bfc062723c751e8b465ee728b)  -> (artifact id: 'd3977e9e64385249264e19d69f9f58fa') in 0.266580 seconds 
========================================================================
Received Import Request.
  Time since last request: 0.000029 seconds.
  path: Assets/99.Resource/JMO Assets/Cartoon FX Remaster/CFXR Assets/Graphics/cfxr sword trail tech.mat
  artifactKey: Guid(98a37e62d72196e409812a54c3cdd8a5) Importer(815301076,1909f56bfc062723c751e8b465ee728b)
Start importing Assets/99.Resource/JMO Assets/Cartoon FX Remaster/CFXR Assets/Graphics/cfxr sword trail tech.mat using Guid(98a37e62d72196e409812a54c3cdd8a5) Importer(815301076,1909f56bfc062723c751e8b465ee728b)  -> (artifact id: '5c4aa4b34a4b55be69f51c66abd8103f') in 0.127508 seconds 
========================================================================
Received Import Request.
  Time since last request: 0.000140 seconds.
  path: Assets/99.Resource/JMO Assets/Cartoon FX Remaster/CFXR Assets/Graphics/cfxr stretch triangle to diamond add.mat
  artifactKey: Guid(6736a9c9adab91a48960113bc5758c7b) Importer(815301076,1909f56bfc062723c751e8b465ee728b)
Start importing Assets/99.Resource/JMO Assets/Cartoon FX Remaster/CFXR Assets/Graphics/cfxr stretch triangle to diamond add.mat using Guid(6736a9c9adab91a48960113bc5758c7b) Importer(815301076,1909f56bfc062723c751e8b465ee728b)  -> (artifact id: '04e5b219565bb4776577a90930d0ac61') in 0.050287 seconds 
========================================================================
Received Import Request.
  Time since last request: 0.000025 seconds.
  path: Assets/99.Resource/JMO Assets/Cartoon FX Remaster/CFXR Assets/Graphics/cfxr stretch spikes x2 hdr ab.mat
  artifactKey: Guid(7f1fea85f791b4f4b8fabff9da93491a) Importer(815301076,1909f56bfc062723c751e8b465ee728b)
Start importing Assets/99.Resource/JMO Assets/Cartoon FX Remaster/CFXR Assets/Graphics/cfxr stretch spikes x2 hdr ab.mat using Guid(7f1fea85f791b4f4b8fabff9da93491a) Importer(815301076,1909f56bfc062723c751e8b465ee728b)  -> (artifact id: '3e64537af1eb0a46e7822598eff383c1') in 0.082232 seconds 
========================================================================
Received Import Request.
  Time since last request: 0.000027 seconds.
  path: Assets/99.Resource/JMO Assets/Cartoon FX Remaster/CFXR Assets/Graphics/cfxr sword trail ice.mat
  artifactKey: Guid(5e2873ecce8ff4d438870b16c581b2e9) Importer(815301076,1909f56bfc062723c751e8b465ee728b)
Start importing Assets/99.Resource/JMO Assets/Cartoon FX Remaster/CFXR Assets/Graphics/cfxr sword trail ice.mat using Guid(5e2873ecce8ff4d438870b16c581b2e9) Importer(815301076,1909f56bfc062723c751e8b465ee728b)  -> (artifact id: 'c8d65751de284f72672bdf9624338949') in 0.020898 seconds 
========================================================================
Received Import Request.
  Time since last request: 0.000023 seconds.
  path: Assets/99.Resource/JMO Assets/Cartoon FX Remaster/CFXR Assets/Graphics/cfxr water drop blur anim hdr ab.mat
  artifactKey: Guid(9ff4585d5d3df2945b6b02ee4ff389bb) Importer(815301076,1909f56bfc062723c751e8b465ee728b)
Start importing Assets/99.Resource/JMO Assets/Cartoon FX Remaster/CFXR Assets/Graphics/cfxr water drop blur anim hdr ab.mat using Guid(9ff4585d5d3df2945b6b02ee4ff389bb) Importer(815301076,1909f56bfc062723c751e8b465ee728b)  -> (artifact id: '1e80c79778bf015a680621f12d1f24c6') in 0.107485 seconds 
========================================================================
Received Import Request.
  Time since last request: 0.000024 seconds.
  path: Assets/99.Resource/JMO Assets/Cartoon FX Remaster/CFXR Assets/Graphics/cfxr stretch triangle smooth nosp add.mat
  artifactKey: Guid(d94053f8609f0e14aadb270ec29d672f) Importer(815301076,1909f56bfc062723c751e8b465ee728b)
Start importing Assets/99.Resource/JMO Assets/Cartoon FX Remaster/CFXR Assets/Graphics/cfxr stretch triangle smooth nosp add.mat using Guid(d94053f8609f0e14aadb270ec29d672f) Importer(815301076,1909f56bfc062723c751e8b465ee728b)  -> (artifact id: 'e143966249217014d910ef1890395c28') in 0.046039 seconds 
========================================================================
Received Import Request.
  Time since last request: 0.000030 seconds.
  path: Assets/99.Resource/JMO Assets/Cartoon FX Remaster/CFXR Assets/Graphics/cfxr sword trail plain.mat
  artifactKey: Guid(0c705a3bc7b78f542b313e57c16ba83d) Importer(815301076,1909f56bfc062723c751e8b465ee728b)
Start importing Assets/99.Resource/JMO Assets/Cartoon FX Remaster/CFXR Assets/Graphics/cfxr sword trail plain.mat using Guid(0c705a3bc7b78f542b313e57c16ba83d) Importer(815301076,1909f56bfc062723c751e8b465ee728b)  -> (artifact id: '3ec32cbc888c697390d85d620f3194d9') in 0.060366 seconds 
========================================================================
Received Import Request.
  Time since last request: 0.000021 seconds.
  path: Assets/99.Resource/JMO Assets/Cartoon FX Remaster/CFXR Assets/Graphics/cfxr stretch rectangle ray ab.mat
  artifactKey: Guid(d2e32673805f8974a888782e19aa2bbf) Importer(815301076,1909f56bfc062723c751e8b465ee728b)
Start importing Assets/99.Resource/JMO Assets/Cartoon FX Remaster/CFXR Assets/Graphics/cfxr stretch rectangle ray ab.mat using Guid(d2e32673805f8974a888782e19aa2bbf) Importer(815301076,1909f56bfc062723c751e8b465ee728b)  -> (artifact id: '1bf432824dbe85a2d479d8cd0399333d') in 0.053795 seconds 
========================================================================
Received Import Request.
  Time since last request: 0.000025 seconds.
  path: Assets/99.Resource/JMO Assets/Cartoon FX Remaster/CFXR Assets/Graphics/cfxr star blurred add.mat
  artifactKey: Guid(a4b2919529f88e345804ef0e7e13b9bf) Importer(815301076,1909f56bfc062723c751e8b465ee728b)
Start importing Assets/99.Resource/JMO Assets/Cartoon FX Remaster/CFXR Assets/Graphics/cfxr star blurred add.mat using Guid(a4b2919529f88e345804ef0e7e13b9bf) Importer(815301076,1909f56bfc062723c751e8b465ee728b)  -> (artifact id: '89bc7fecc638c30b949bc76ddc309ece') in 0.074688 seconds 
========================================================================
Received Import Request.
  Time since last request: 0.000022 seconds.
  path: Assets/99.Resource/JMO Assets/Cartoon FX Remaster/CFXR Assets/Graphics/cfxr stretch ray blur add.mat
  artifactKey: Guid(131d5a2c82c6cbb469ab522af6fe9aff) Importer(815301076,1909f56bfc062723c751e8b465ee728b)
Start importing Assets/99.Resource/JMO Assets/Cartoon FX Remaster/CFXR Assets/Graphics/cfxr stretch ray blur add.mat using Guid(131d5a2c82c6cbb469ab522af6fe9aff) Importer(815301076,1909f56bfc062723c751e8b465ee728b)  -> (artifact id: 'd7ff09be18c63a0a4867d9205d9c84f3') in 0.040304 seconds 
========================================================================
Received Import Request.
  Time since last request: 0.000030 seconds.
  path: Assets/99.Resource/JMO Assets/Cartoon FX Remaster/CFXR Assets/Graphics/cfxr stretch rectangle ray blur hdr ab.mat
  artifactKey: Guid(fb2beee5db2731d46b9243941fc0c31e) Importer(815301076,1909f56bfc062723c751e8b465ee728b)
Start importing Assets/99.Resource/JMO Assets/Cartoon FX Remaster/CFXR Assets/Graphics/cfxr stretch rectangle ray blur hdr ab.mat using Guid(fb2beee5db2731d46b9243941fc0c31e) Importer(815301076,1909f56bfc062723c751e8b465ee728b)  -> (artifact id: 'aada1b1be1e393952ada980833ead7f0') in 0.026546 seconds 
========================================================================
Received Import Request.
  Time since last request: 0.000025 seconds.
  path: Assets/99.Resource/JMO Assets/Cartoon FX Remaster/CFXR Assets/Graphics/cfxr stretch fire crisp fade hdr ab.mat
  artifactKey: Guid(2e32f93f5ce765e47b0cabd37ce2b73d) Importer(815301076,1909f56bfc062723c751e8b465ee728b)
Start importing Assets/99.Resource/JMO Assets/Cartoon FX Remaster/CFXR Assets/Graphics/cfxr stretch fire crisp fade hdr ab.mat using Guid(2e32f93f5ce765e47b0cabd37ce2b73d) Importer(815301076,1909f56bfc062723c751e8b465ee728b)  -> (artifact id: 'e152df3ea78f8a51a344810bce9d3251') in 0.014817 seconds 
========================================================================
Received Import Request.
  Time since last request: 0.000023 seconds.
  path: Assets/99.Resource/JMO Assets/Cartoon FX Remaster/CFXR Assets/Graphics/cfxr stretch rectangle ray blur add.mat
  artifactKey: Guid(0a760562f145a5643b3f7f0a60377141) Importer(815301076,1909f56bfc062723c751e8b465ee728b)
Start importing Assets/99.Resource/JMO Assets/Cartoon FX Remaster/CFXR Assets/Graphics/cfxr stretch rectangle ray blur add.mat using Guid(0a760562f145a5643b3f7f0a60377141) Importer(815301076,1909f56bfc062723c751e8b465ee728b)  -> (artifact id: '8c904c80dd540c51ce33e1d9e22a62b5') in 0.046142 seconds 
========================================================================
Received Import Request.
  Time since last request: 0.000019 seconds.
  path: Assets/99.Resource/JMO Assets/Cartoon FX Remaster/CFXR Assets/Graphics/cfxr stretch inv spike fade add.mat
  artifactKey: Guid(50350a9c0e5b6454d873d1984e97cde4) Importer(815301076,1909f56bfc062723c751e8b465ee728b)
Start importing Assets/99.Resource/JMO Assets/Cartoon FX Remaster/CFXR Assets/Graphics/cfxr stretch inv spike fade add.mat using Guid(50350a9c0e5b6454d873d1984e97cde4) Importer(815301076,1909f56bfc062723c751e8b465ee728b)  -> (artifact id: '40dbbbfd6e6ec786fae4be66ba062a07') in 0.020409 seconds 
========================================================================
Received Import Request.
  Time since last request: 0.000029 seconds.
  path: Assets/99.Resource/JMO Assets/Cartoon FX Remaster/CFXR Assets/Graphics/cfxr smoke cloud x4 second color ab.mat
  artifactKey: Guid(ec1892961c3d27347b1ed3a3cb5f854e) Importer(815301076,1909f56bfc062723c751e8b465ee728b)
Start importing Assets/99.Resource/JMO Assets/Cartoon FX Remaster/CFXR Assets/Graphics/cfxr smoke cloud x4 second color ab.mat using Guid(ec1892961c3d27347b1ed3a3cb5f854e) Importer(815301076,1909f56bfc062723c751e8b465ee728b)  -> (artifact id: '29faaacd83f2d21d879f2d6c214026a8') in 0.047925 seconds 
========================================================================
Received Import Request.
  Time since last request: 0.000019 seconds.
  path: Assets/99.Resource/JMO Assets/Cartoon FX Remaster/CFXR Assets/Graphics/cfxr smoke cloud x4 ab lit soft individual mid shadow.mat
  artifactKey: Guid(6444139dd170a7249acc68e412bfd00f) Importer(815301076,1909f56bfc062723c751e8b465ee728b)
Start importing Assets/99.Resource/JMO Assets/Cartoon FX Remaster/CFXR Assets/Graphics/cfxr smoke cloud x4 ab lit soft individual mid shadow.mat using Guid(6444139dd170a7249acc68e412bfd00f) Importer(815301076,1909f56bfc062723c751e8b465ee728b)  -> (artifact id: '5e274ecbd54e6514e73b31ff0bd3112c') in 0.113720 seconds 
========================================================================
Received Import Request.
  Time since last request: 0.000020 seconds.
  path: Assets/99.Resource/JMO Assets/Cartoon FX Remaster/CFXR Assets/Graphics/cfxr spikes impact ab.mat
  artifactKey: Guid(79d0c47029980c04caed1c1327f99c17) Importer(815301076,1909f56bfc062723c751e8b465ee728b)
Start importing Assets/99.Resource/JMO Assets/Cartoon FX Remaster/CFXR Assets/Graphics/cfxr spikes impact ab.mat using Guid(79d0c47029980c04caed1c1327f99c17) Importer(815301076,1909f56bfc062723c751e8b465ee728b)  -> (artifact id: '2c70e92d3cc2a4a948639335d5de9853') in 0.019489 seconds 
========================================================================
Received Import Request.
  Time since last request: 0.000025 seconds.
  path: Assets/99.Resource/JMO Assets/Cartoon FX Remaster/CFXR Assets/Graphics/cfxr smoke cloud x4 crisp dissolve ab.mat
  artifactKey: Guid(211e690ffcd5bf1469e778995a8b144b) Importer(815301076,1909f56bfc062723c751e8b465ee728b)
Start importing Assets/99.Resource/JMO Assets/Cartoon FX Remaster/CFXR Assets/Graphics/cfxr smoke cloud x4 crisp dissolve ab.mat using Guid(211e690ffcd5bf1469e778995a8b144b) Importer(815301076,1909f56bfc062723c751e8b465ee728b)  -> (artifact id: 'd83dae8e97c4b994af2110b70f1246d0') in 0.076346 seconds 
========================================================================
Received Import Request.
  Time since last request: 0.000019 seconds.
  path: Assets/99.Resource/JMO Assets/Cartoon FX Remaster/CFXR Assets/Graphics/cfxr spikes impact dissolve invert ab.mat
  artifactKey: Guid(8c6442f9b7d64f94a8a76402e777f706) Importer(815301076,1909f56bfc062723c751e8b465ee728b)
Start importing Assets/99.Resource/JMO Assets/Cartoon FX Remaster/CFXR Assets/Graphics/cfxr spikes impact dissolve invert ab.mat using Guid(8c6442f9b7d64f94a8a76402e777f706) Importer(815301076,1909f56bfc062723c751e8b465ee728b)  -> (artifact id: 'ff59d6669ff825004fd87e67926d226c') in 0.046530 seconds 
========================================================================
Received Import Request.
  Time since last request: 0.000020 seconds.
  path: Assets/99.Resource/JMO Assets/Cartoon FX Remaster/CFXR Assets/Graphics/cfxr smiley smile ab.mat
  artifactKey: Guid(56e9b0d5f7f278045887edbfcb1f6e08) Importer(815301076,1909f56bfc062723c751e8b465ee728b)
Start importing Assets/99.Resource/JMO Assets/Cartoon FX Remaster/CFXR Assets/Graphics/cfxr smiley smile ab.mat using Guid(56e9b0d5f7f278045887edbfcb1f6e08) Importer(815301076,1909f56bfc062723c751e8b465ee728b)  -> (artifact id: 'c1c8e89b408af425b42baa89652ff2ce') in 0.024922 seconds 
========================================================================
Received Import Request.
  Time since last request: 0.000015 seconds.
  path: Assets/99.Resource/JMO Assets/Cartoon FX Remaster/CFXR Assets/Graphics/cfxr skull distort hdr ab.mat
  artifactKey: Guid(a2c9932117f901f4cbb019f29bda1c69) Importer(815301076,1909f56bfc062723c751e8b465ee728b)
Start importing Assets/99.Resource/JMO Assets/Cartoon FX Remaster/CFXR Assets/Graphics/cfxr skull distort hdr ab.mat using Guid(a2c9932117f901f4cbb019f29bda1c69) Importer(815301076,1909f56bfc062723c751e8b465ee728b)  -> (artifact id: 'ceab2e8b03a3c6d5ddffe0596ec30dc3') in 0.070533 seconds 
========================================================================
Received Import Request.
  Time since last request: 0.000028 seconds.
  path: Assets/99.Resource/JMO Assets/Cartoon FX Remaster/CFXR Assets/Graphics/cfxr screen distortion perlin.mat
  artifactKey: Guid(5291c8379d0117f47bf0a76d17512364) Importer(815301076,1909f56bfc062723c751e8b465ee728b)
Start importing Assets/99.Resource/JMO Assets/Cartoon FX Remaster/CFXR Assets/Graphics/cfxr screen distortion perlin.mat using Guid(5291c8379d0117f47bf0a76d17512364) Importer(815301076,1909f56bfc062723c751e8b465ee728b)  -> (artifact id: 'c131008a3deef16f1475c1590c334014') in 0.095551 seconds 
========================================================================
Received Import Request.
  Time since last request: 0.000037 seconds.
  path: Assets/99.Resource/JMO Assets/Cartoon FX Remaster/CFXR Assets/Graphics/cfxr skull outer outline ab.mat
  artifactKey: Guid(5638a7e47b8a65a42aa1d63e2a59f925) Importer(815301076,1909f56bfc062723c751e8b465ee728b)
Start importing Assets/99.Resource/JMO Assets/Cartoon FX Remaster/CFXR Assets/Graphics/cfxr skull outer outline ab.mat using Guid(5638a7e47b8a65a42aa1d63e2a59f925) Importer(815301076,1909f56bfc062723c751e8b465ee728b)  -> (artifact id: '170f7db666141836f0be2cdf3adcfdfe') in 0.024057 seconds 
========================================================================
Received Import Request.
  Time since last request: 0.000019 seconds.
  path: Assets/99.Resource/JMO Assets/Cartoon FX Remaster/CFXR Assets/Graphics/cfxr screen distortion debug.mat
  artifactKey: Guid(6d716ca3122c94e408d5c2393be4780d) Importer(815301076,1909f56bfc062723c751e8b465ee728b)
Start importing Assets/99.Resource/JMO Assets/Cartoon FX Remaster/CFXR Assets/Graphics/cfxr screen distortion debug.mat using Guid(6d716ca3122c94e408d5c2393be4780d) Importer(815301076,1909f56bfc062723c751e8b465ee728b)  -> (artifact id: '4995e292d9762df05ba3d7a722d32323') in 0.025493 seconds 
========================================================================
Received Import Request.
  Time since last request: 0.000022 seconds.
  path: Assets/99.Resource/JMO Assets/Cartoon FX Remaster/CFXR Assets/Graphics/cfxr screen distortion ring nosp.mat
  artifactKey: Guid(37976d5d4486ae547867ea7ea8e80356) Importer(815301076,1909f56bfc062723c751e8b465ee728b)
Start importing Assets/99.Resource/JMO Assets/Cartoon FX Remaster/CFXR Assets/Graphics/cfxr screen distortion ring nosp.mat using Guid(37976d5d4486ae547867ea7ea8e80356) Importer(815301076,1909f56bfc062723c751e8b465ee728b)  -> (artifact id: '8bfef4191b5b89e7cf54e0ccba2561a4') in 0.019887 seconds 
========================================================================
Received Import Request.
  Time since last request: 0.000019 seconds.
  path: Assets/99.Resource/JMO Assets/Cartoon FX Remaster/CFXR Assets/Graphics/cfxr proc ring local space hdr ab.mat
  artifactKey: Guid(851a3f25e203f584bbe9dea88fc580a4) Importer(815301076,1909f56bfc062723c751e8b465ee728b)
Start importing Assets/99.Resource/JMO Assets/Cartoon FX Remaster/CFXR Assets/Graphics/cfxr proc ring local space hdr ab.mat using Guid(851a3f25e203f584bbe9dea88fc580a4) Importer(815301076,1909f56bfc062723c751e8b465ee728b)  -> (artifact id: '211c2c62bf3f2408dc40f3e6389b5ba9') in 0.065075 seconds 
========================================================================
Received Import Request.
  Time since last request: 0.000018 seconds.
  path: Assets/99.Resource/JMO Assets/Cartoon FX Remaster/CFXR Assets/Graphics/cfxr proc ring water ripple local space arc ab.mat
  artifactKey: Guid(95769915f5c8ef14a924fa707fea6761) Importer(815301076,1909f56bfc062723c751e8b465ee728b)
Start importing Assets/99.Resource/JMO Assets/Cartoon FX Remaster/CFXR Assets/Graphics/cfxr proc ring water ripple local space arc ab.mat using Guid(95769915f5c8ef14a924fa707fea6761) Importer(815301076,1909f56bfc062723c751e8b465ee728b)  -> (artifact id: '4c7209e21bf9b11f55d5e5789960d234') in 0.083060 seconds 
========================================================================
Received Import Request.
  Time since last request: 0.000020 seconds.
  path: Assets/99.Resource/JMO Assets/Cartoon FX Remaster/CFXR Assets/Graphics/cfxr spikes impact add.mat
  artifactKey: Guid(04d0f020002082e4db140d8c0954e83e) Importer(815301076,1909f56bfc062723c751e8b465ee728b)
Start importing Assets/99.Resource/JMO Assets/Cartoon FX Remaster/CFXR Assets/Graphics/cfxr spikes impact add.mat using Guid(04d0f020002082e4db140d8c0954e83e) Importer(815301076,1909f56bfc062723c751e8b465ee728b)  -> (artifact id: 'dcb432c65a0ac6bb31b409302d129963') in 0.018902 seconds 
========================================================================
Received Import Request.
  Time since last request: 0.000026 seconds.
  path: Assets/99.Resource/JMO Assets/Cartoon FX Remaster/CFXR Assets/Graphics/cfxr sword trail bubbles hit.mat
  artifactKey: Guid(f4edd533d90ebd34db5a5946aa12255b) Importer(815301076,1909f56bfc062723c751e8b465ee728b)
Start importing Assets/99.Resource/JMO Assets/Cartoon FX Remaster/CFXR Assets/Graphics/cfxr sword trail bubbles hit.mat using Guid(f4edd533d90ebd34db5a5946aa12255b) Importer(815301076,1909f56bfc062723c751e8b465ee728b)  -> (artifact id: '704eb304d87ac7bdbc799ba416154611') in 0.026520 seconds 
========================================================================
Received Import Request.
  Time since last request: 0.000022 seconds.
  path: Assets/99.Resource/JMO Assets/Cartoon FX Remaster/CFXR Assets/Graphics/cfxr sword trail flames hit.mat
  artifactKey: Guid(22df6ea84842b434c9b2c6e5008d3db3) Importer(815301076,1909f56bfc062723c751e8b465ee728b)
Start importing Assets/99.Resource/JMO Assets/Cartoon FX Remaster/CFXR Assets/Graphics/cfxr sword trail flames hit.mat using Guid(22df6ea84842b434c9b2c6e5008d3db3) Importer(815301076,1909f56bfc062723c751e8b465ee728b)  -> (artifact id: '7bccf366ba6a312545edd4ea4775b4ac') in 0.021627 seconds 
========================================================================
Received Import Request.
  Time since last request: 0.000024 seconds.
  path: Assets/99.Resource/JMO Assets/Cartoon FX Remaster/CFXR Assets/Graphics/cfxr stretch trait ab.mat
  artifactKey: Guid(dbc2ae6c61d51b04ea1a55fbeff6341e) Importer(815301076,1909f56bfc062723c751e8b465ee728b)
Start importing Assets/99.Resource/JMO Assets/Cartoon FX Remaster/CFXR Assets/Graphics/cfxr stretch trait ab.mat using Guid(dbc2ae6c61d51b04ea1a55fbeff6341e) Importer(815301076,1909f56bfc062723c751e8b465ee728b)  -> (artifact id: 'efcfc4893bb7ebcd86e76922795e2c42') in 0.020075 seconds 
Editor requested this worker to shutdown with reason: Scaling down because of idle timeout
AssetImportWorker is now disconnected from the server
Process exiting
Exiting without the bug reporter. Application will terminate with return code 0