Using pre-set license
Built from '2021.3/staging' branch; Version is '2021.3.20f1 (577897200b8b) revision 5732503'; Using compiler version '192829333'; Build Type 'Release'
OS: 'Windows 10  (10.0.19045) 64bit Professional' Language: 'ko' Physical Memory: 16194 MB
BatchMode: 1, IsHumanControllingUs: 0, StartBugReporterOnCrash: 0, Is64bit: 1, IsPro: 1

COMMAND LINE ARGUMENTS:
C:\Program Files\Unity\Hub\Editor\2021.3.20f1\Editor\Unity.exe
-adb2
-batchMode
-noUpm
-name
AssetImportWorker4
-projectPath
C:/Users/SGA/Desktop/국비김문주/unity/FunGame3D/My project
-logFile
Logs/AssetImportWorker4.log
-srvPort
51081
Successfully changed project path to: C:/Users/SGA/Desktop/국비김문주/unity/FunGame3D/My project
C:/Users/SGA/Desktop/국비김문주/unity/FunGame3D/My project
[UnityMemory] Configuration Parameters - Can be set up in boot.config
    "memorysetup-bucket-allocator-granularity=16"
    "memorysetup-bucket-allocator-bucket-count=8"
    "memorysetup-bucket-allocator-block-size=33554432"
    "memorysetup-bucket-allocator-block-count=8"
    "memorysetup-main-allocator-block-size=16777216"
    "memorysetup-thread-allocator-block-size=16777216"
    "memorysetup-gfx-main-allocator-block-size=16777216"
    "memorysetup-gfx-thread-allocator-block-size=16777216"
    "memorysetup-cache-allocator-block-size=4194304"
    "memorysetup-typetree-allocator-block-size=2097152"
    "memorysetup-profiler-bucket-allocator-granularity=16"
    "memorysetup-profiler-bucket-allocator-bucket-count=8"
    "memorysetup-profiler-bucket-allocator-block-size=33554432"
    "memorysetup-profiler-bucket-allocator-block-count=8"
    "memorysetup-profiler-allocator-block-size=16777216"
    "memorysetup-profiler-editor-allocator-block-size=1048576"
    "memorysetup-temp-allocator-size-main=16777216"
    "memorysetup-job-temp-allocator-block-size=2097152"
    "memorysetup-job-temp-allocator-block-size-background=1048576"
    "memorysetup-job-temp-allocator-reduction-small-platforms=262144"
    "memorysetup-temp-allocator-size-background-worker=32768"
    "memorysetup-temp-allocator-size-job-worker=262144"
    "memorysetup-temp-allocator-size-preload-manager=33554432"
    "memorysetup-temp-allocator-size-nav-mesh-worker=65536"
    "memorysetup-temp-allocator-size-audio-worker=65536"
    "memorysetup-temp-allocator-size-cloud-worker=32768"
    "memorysetup-temp-allocator-size-gi-baking-worker=262144"
    "memorysetup-temp-allocator-size-gfx=262144"
Player connection [26040] Host "[IP] 192.168.0.102 [Port] 0 [Flags] 2 [Guid] 1519533086 [EditorId] 1519533086 [Version] 1048832 [Id] WindowsEditor(7,DESKTOP-HQKDT44) [Debug] 1 [PackageName] WindowsEditor [ProjectName] Editor" joined multi-casting on [225.0.0.222:54997]...

Player connection [26040] Host "[IP] 192.168.0.102 [Port] 0 [Flags] 2 [Guid] 1519533086 [EditorId] 1519533086 [Version] 1048832 [Id] WindowsEditor(7,DESKTOP-HQKDT44) [Debug] 1 [PackageName] WindowsEditor [ProjectName] Editor" joined alternative multi-casting on [225.0.0.222:34997]...

Refreshing native plugins compatible for Editor in 56.25 ms, found 3 plugins.
Preloading 0 native plugins for Editor in 0.00 ms.
Initialize engine version: 2021.3.20f1 (577897200b8b)
[Subsystems] Discovering subsystems at path C:/Program Files/Unity/Hub/Editor/2021.3.20f1/Editor/Data/Resources/UnitySubsystems
[Subsystems] Discovering subsystems at path C:/Users/SGA/Desktop/국비김문주/unity/FunGame3D/My project/Assets
GfxDevice: creating device client; threaded=0; jobified=0
Direct3D:
    Version:  Direct3D 11.0 [level 11.1]
    Renderer: NVIDIA GeForce GTX 1650 (ID=0x1f82)
    Vendor:   NVIDIA
    VRAM:     3949 MB
    Driver:   31.0.15.3623
Initialize mono
Mono path[0] = 'C:/Program Files/Unity/Hub/Editor/2021.3.20f1/Editor/Data/Managed'
Mono path[1] = 'C:/Program Files/Unity/Hub/Editor/2021.3.20f1/Editor/Data/MonoBleedingEdge/lib/mono/unityjit-win32'
Mono config path = 'C:/Program Files/Unity/Hub/Editor/2021.3.20f1/Editor/Data/MonoBleedingEdge/etc'
Using monoOptions --debugger-agent=transport=dt_socket,embedding=1,server=y,suspend=n,address=127.0.0.1:56148
Begin MonoManager ReloadAssembly
Registering precompiled unity dll's ...
Register platform support module: C:/Program Files/Unity/Hub/Editor/2021.3.20f1/Editor/Data/PlaybackEngines/WindowsStandaloneSupport/UnityEditor.WindowsStandalone.Extensions.dll
Registered in 0.003603 seconds.
Native extension for WindowsStandalone target not found
Refreshing native plugins compatible for Editor in 54.48 ms, found 3 plugins.
Preloading 0 native plugins for Editor in 0.00 ms.
Mono: successfully reloaded assembly
- Completed reload, in  0.410 seconds
Domain Reload Profiling:
	ReloadAssembly (410ms)
		BeginReloadAssembly (56ms)
			ExecutionOrderSort (0ms)
			DisableScriptedObjects (0ms)
			BackupInstance (0ms)
			ReleaseScriptingObjects (0ms)
			CreateAndSetChildDomain (1ms)
		EndReloadAssembly (289ms)
			LoadAssemblies (54ms)
			RebuildTransferFunctionScriptingTraits (0ms)
			SetupTypeCache (66ms)
			ReleaseScriptCaches (0ms)
			RebuildScriptCaches (18ms)
			SetupLoadedEditorAssemblies (172ms)
				LogAssemblyErrors (0ms)
				InitializePlatformSupportModulesInManaged (5ms)
				SetLoadedEditorAssemblies (0ms)
				RefreshPlugins (55ms)
				BeforeProcessingInitializeOnLoad (1ms)
				ProcessInitializeOnLoadAttributes (81ms)
				ProcessInitializeOnLoadMethodAttributes (30ms)
				AfterProcessingInitializeOnLoad (0ms)
				EditorAssembliesLoaded (0ms)
			ExecutionOrderSort2 (0ms)
			AwakeInstancesAfterBackupRestoration (0ms)
Platform modules already initialized, skipping
Registering precompiled user dll's ...
Registered in 0.002666 seconds.
Begin MonoManager ReloadAssembly
Symbol file LoadedFromMemory doesn't match image C:\Users\SGA\Desktop\국비김문주\unity\FunGame3D\My project\Library\PackageCache\com.unity.visualscripting@1.8.0\Editor\VisualScripting.Core\Dependencies\YamlDotNet\Unity.VisualScripting.YamlDotNet.dll
Symbol file LoadedFromMemory doesn't match image C:\Users\SGA\Desktop\국비김문주\unity\FunGame3D\My project\Library\PackageCache\com.unity.visualscripting@1.8.0\Editor\VisualScripting.Core\Dependencies\DotNetZip\Unity.VisualScripting.IonicZip.dll
Native extension for WindowsStandalone target not found
Refreshing native plugins compatible for Editor in 0.41 ms, found 3 plugins.
Preloading 0 native plugins for Editor in 0.00 ms.
Mono: successfully reloaded assembly
- Completed reload, in  0.640 seconds
Domain Reload Profiling:
	ReloadAssembly (641ms)
		BeginReloadAssembly (75ms)
			ExecutionOrderSort (0ms)
			DisableScriptedObjects (4ms)
			BackupInstance (0ms)
			ReleaseScriptingObjects (0ms)
			CreateAndSetChildDomain (13ms)
		EndReloadAssembly (492ms)
			LoadAssemblies (54ms)
			RebuildTransferFunctionScriptingTraits (0ms)
			SetupTypeCache (162ms)
			ReleaseScriptCaches (0ms)
			RebuildScriptCaches (32ms)
			SetupLoadedEditorAssemblies (224ms)
				LogAssemblyErrors (0ms)
				InitializePlatformSupportModulesInManaged (3ms)
				SetLoadedEditorAssemblies (0ms)
				RefreshPlugins (0ms)
				BeforeProcessingInitializeOnLoad (52ms)
				ProcessInitializeOnLoadAttributes (151ms)
				ProcessInitializeOnLoadMethodAttributes (13ms)
				AfterProcessingInitializeOnLoad (4ms)
				EditorAssembliesLoaded (0ms)
			ExecutionOrderSort2 (0ms)
			AwakeInstancesAfterBackupRestoration (4ms)
Platform modules already initialized, skipping
========================================================================
Worker process is ready to serve import requests
Launched and connected shader compiler UnityShaderCompiler.exe after 0.02 seconds
Refreshing native plugins compatible for Editor in 0.41 ms, found 3 plugins.
Preloading 0 native plugins for Editor in 0.00 ms.
Unloading 3150 Unused Serialized files (Serialized files now loaded: 0)
Unloading 24 unused Assets / (113.9 KB). Loaded Objects now: 3636.
Memory consumption went from 128.3 MB to 128.2 MB.
Total: 2.069400 ms (FindLiveObjects: 0.160200 ms CreateObjectMapping: 0.075200 ms MarkObjects: 1.742700 ms  DeleteObjects: 0.090300 ms)

AssetImportParameters requested are different than current active one (requested -> active):
  custom:video-decoder-ogg-theora: a1e56fd34408186e4bbccfd4996cb3dc -> 
  custom:container-muxer-webm: aa71ff27fc2769a1b78a27578f13a17b -> 
  custom:container-demuxer-webm: 4f35f7cbe854078d1ac9338744f61a02 -> 
  custom:video-encoder-webm-vp8: eb34c28f22e8b96e1ab97ce403110664 -> 
  custom:audio-encoder-webm-vorbis: bf7c407c2cedff20999df2af8eb42d56 -> 
  custom:framework-win-MediaFoundation: 216162199b28c13a410421893ffa2e32 -> 
  custom:container-demuxer-ogg: 62fdf1f143b41e24485cea50d1cbac27 -> 
  custom:video-decoder-webm-vp8: 9c59270c3fd7afecdb556c50c9e8de78 -> 
  custom:audio-decoder-ogg-vorbis: bf7c407c2cedff20999df2af8eb42d56 -> 
========================================================================
Received Import Request.
  Time since last request: 14589.463213 seconds.
  path: Assets/Resources/Texture/PlayerBackMirror.renderTexture
  artifactKey: Guid(bfc0e759f2e09b5488d5c95133f9ec34) Importer(815301076,1909f56bfc062723c751e8b465ee728b)
Start importing Assets/Resources/Texture/PlayerBackMirror.renderTexture using Guid(bfc0e759f2e09b5488d5c95133f9ec34) Importer(815301076,1909f56bfc062723c751e8b465ee728b)  -> (artifact id: 'bc9190b9d5e2e1985f1fa84794e16607') in 0.062599 seconds 
========================================================================
Received Prepare
Registering precompiled user dll's ...
Registered in 0.003777 seconds.
Begin MonoManager ReloadAssembly
Symbol file LoadedFromMemory doesn't match image C:\Users\SGA\Desktop\국비김문주\unity\FunGame3D\My project\Library\PackageCache\com.unity.visualscripting@1.8.0\Editor\VisualScripting.Core\Dependencies\YamlDotNet\Unity.VisualScripting.YamlDotNet.dll
Symbol file LoadedFromMemory doesn't match image C:\Users\SGA\Desktop\국비김문주\unity\FunGame3D\My project\Library\PackageCache\com.unity.visualscripting@1.8.0\Editor\VisualScripting.Core\Dependencies\DotNetZip\Unity.VisualScripting.IonicZip.dll
Native extension for WindowsStandalone target not found
Refreshing native plugins compatible for Editor in 0.45 ms, found 3 plugins.
Preloading 0 native plugins for Editor in 0.00 ms.
Mono: successfully reloaded assembly
- Completed reload, in  0.687 seconds
Domain Reload Profiling:
	ReloadAssembly (687ms)
		BeginReloadAssembly (103ms)
			ExecutionOrderSort (0ms)
			DisableScriptedObjects (3ms)
			BackupInstance (0ms)
			ReleaseScriptingObjects (0ms)
			CreateAndSetChildDomain (25ms)
		EndReloadAssembly (521ms)
			LoadAssemblies (62ms)
			RebuildTransferFunctionScriptingTraits (0ms)
			SetupTypeCache (169ms)
			ReleaseScriptCaches (1ms)
			RebuildScriptCaches (27ms)
			SetupLoadedEditorAssemblies (232ms)
				LogAssemblyErrors (0ms)
				InitializePlatformSupportModulesInManaged (5ms)
				SetLoadedEditorAssemblies (0ms)
				RefreshPlugins (1ms)
				BeforeProcessingInitializeOnLoad (46ms)
				ProcessInitializeOnLoadAttributes (157ms)
				ProcessInitializeOnLoadMethodAttributes (18ms)
				AfterProcessingInitializeOnLoad (5ms)
				EditorAssembliesLoaded (0ms)
			ExecutionOrderSort2 (0ms)
			AwakeInstancesAfterBackupRestoration (6ms)
Platform modules already initialized, skipping
Refreshing native plugins compatible for Editor in 1.23 ms, found 3 plugins.
Preloading 0 native plugins for Editor in 0.00 ms.
Unloading 3124 Unused Serialized files (Serialized files now loaded: 0)
Unloading 17 unused Assets / (80.7 KB). Loaded Objects now: 3645.
Memory consumption went from 130.2 MB to 130.2 MB.
Total: 2.039100 ms (FindLiveObjects: 0.175400 ms CreateObjectMapping: 0.093800 ms MarkObjects: 1.700300 ms  DeleteObjects: 0.069000 ms)

AssetImportParameters requested are different than current active one (requested -> active):
  custom:video-decoder-ogg-theora: a1e56fd34408186e4bbccfd4996cb3dc -> 
  custom:container-muxer-webm: aa71ff27fc2769a1b78a27578f13a17b -> 
  custom:container-demuxer-webm: 4f35f7cbe854078d1ac9338744f61a02 -> 
  custom:video-encoder-webm-vp8: eb34c28f22e8b96e1ab97ce403110664 -> 
  custom:audio-encoder-webm-vorbis: bf7c407c2cedff20999df2af8eb42d56 -> 
  custom:framework-win-MediaFoundation: 216162199b28c13a410421893ffa2e32 -> 
  custom:container-demuxer-ogg: 62fdf1f143b41e24485cea50d1cbac27 -> 
  custom:video-decoder-webm-vp8: 9c59270c3fd7afecdb556c50c9e8de78 -> 
  custom:audio-decoder-ogg-vorbis: bf7c407c2cedff20999df2af8eb42d56 -> 
========================================================================
Received Import Request.
  Time since last request: 98.822027 seconds.
  path: Assets/Resources/Prefabs/PlayerSet.prefab
  artifactKey: Guid(14ca9dae961f901469bab0ac5944f08b) Importer(815301076,1909f56bfc062723c751e8b465ee728b)
Start importing Assets/Resources/Prefabs/PlayerSet.prefab using Guid(14ca9dae961f901469bab0ac5944f08b) Importer(815301076,1909f56bfc062723c751e8b465ee728b)  -> (artifact id: '4f7a86b0ff507d1686a29799ab57b4e4') in 0.061357 seconds 
========================================================================
Received Import Request.
  Time since last request: 10.598308 seconds.
  path: Assets/Resources/Prefabs/PlayerSet.prefab
  artifactKey: Guid(14ca9dae961f901469bab0ac5944f08b) Importer(815301076,1909f56bfc062723c751e8b465ee728b)
Start importing Assets/Resources/Prefabs/PlayerSet.prefab using Guid(14ca9dae961f901469bab0ac5944f08b) Importer(815301076,1909f56bfc062723c751e8b465ee728b)  -> (artifact id: 'f9d6967767fc95b82e0d1459e8caf3ee') in 0.008112 seconds 
========================================================================
Received Prepare
Registering precompiled user dll's ...
Registered in 0.002860 seconds.
Begin MonoManager ReloadAssembly
Symbol file LoadedFromMemory doesn't match image C:\Users\SGA\Desktop\국비김문주\unity\FunGame3D\My project\Library\PackageCache\com.unity.visualscripting@1.8.0\Editor\VisualScripting.Core\Dependencies\YamlDotNet\Unity.VisualScripting.YamlDotNet.dll
Symbol file LoadedFromMemory doesn't match image C:\Users\SGA\Desktop\국비김문주\unity\FunGame3D\My project\Library\PackageCache\com.unity.visualscripting@1.8.0\Editor\VisualScripting.Core\Dependencies\DotNetZip\Unity.VisualScripting.IonicZip.dll
Native extension for WindowsStandalone target not found
Refreshing native plugins compatible for Editor in 0.42 ms, found 3 plugins.
Preloading 0 native plugins for Editor in 0.00 ms.
Mono: successfully reloaded assembly
- Completed reload, in  0.675 seconds
Domain Reload Profiling:
	ReloadAssembly (676ms)
		BeginReloadAssembly (101ms)
			ExecutionOrderSort (0ms)
			DisableScriptedObjects (3ms)
			BackupInstance (0ms)
			ReleaseScriptingObjects (0ms)
			CreateAndSetChildDomain (28ms)
		EndReloadAssembly (508ms)
			LoadAssemblies (57ms)
			RebuildTransferFunctionScriptingTraits (0ms)
			SetupTypeCache (168ms)
			ReleaseScriptCaches (1ms)
			RebuildScriptCaches (32ms)
			SetupLoadedEditorAssemblies (218ms)
				LogAssemblyErrors (0ms)
				InitializePlatformSupportModulesInManaged (4ms)
				SetLoadedEditorAssemblies (0ms)
				RefreshPlugins (0ms)
				BeforeProcessingInitializeOnLoad (43ms)
				ProcessInitializeOnLoadAttributes (152ms)
				ProcessInitializeOnLoadMethodAttributes (14ms)
				AfterProcessingInitializeOnLoad (5ms)
				EditorAssembliesLoaded (0ms)
			ExecutionOrderSort2 (0ms)
			AwakeInstancesAfterBackupRestoration (5ms)
Platform modules already initialized, skipping
Refreshing native plugins compatible for Editor in 1.10 ms, found 3 plugins.
Preloading 0 native plugins for Editor in 0.00 ms.
Unloading 3124 Unused Serialized files (Serialized files now loaded: 0)
Unloading 17 unused Assets / (80.6 KB). Loaded Objects now: 3655.
Memory consumption went from 130.4 MB to 130.3 MB.
Total: 2.033100 ms (FindLiveObjects: 0.169800 ms CreateObjectMapping: 0.075800 ms MarkObjects: 1.712500 ms  DeleteObjects: 0.073900 ms)

AssetImportParameters requested are different than current active one (requested -> active):
  custom:video-decoder-ogg-theora: a1e56fd34408186e4bbccfd4996cb3dc -> 
  custom:container-muxer-webm: aa71ff27fc2769a1b78a27578f13a17b -> 
  custom:container-demuxer-webm: 4f35f7cbe854078d1ac9338744f61a02 -> 
  custom:video-encoder-webm-vp8: eb34c28f22e8b96e1ab97ce403110664 -> 
  custom:audio-encoder-webm-vorbis: bf7c407c2cedff20999df2af8eb42d56 -> 
  custom:framework-win-MediaFoundation: 216162199b28c13a410421893ffa2e32 -> 
  custom:container-demuxer-ogg: 62fdf1f143b41e24485cea50d1cbac27 -> 
  custom:video-decoder-webm-vp8: 9c59270c3fd7afecdb556c50c9e8de78 -> 
  custom:audio-decoder-ogg-vorbis: bf7c407c2cedff20999df2af8eb42d56 -> 
========================================================================
Received Import Request.
  Time since last request: 12.113942 seconds.
  path: Assets/Resources/Prefabs/PlayerSet.prefab
  artifactKey: Guid(14ca9dae961f901469bab0ac5944f08b) Importer(815301076,1909f56bfc062723c751e8b465ee728b)
Start importing Assets/Resources/Prefabs/PlayerSet.prefab using Guid(14ca9dae961f901469bab0ac5944f08b) Importer(815301076,1909f56bfc062723c751e8b465ee728b)  -> (artifact id: '68b3a0bc8a044ab2d3a51fe11441bed3') in 0.052864 seconds 
========================================================================
Received Import Request.
  Time since last request: 8.519347 seconds.
  path: Assets/Resources/Prefabs/PlayerSet.prefab
  artifactKey: Guid(14ca9dae961f901469bab0ac5944f08b) Importer(815301076,1909f56bfc062723c751e8b465ee728b)
Start importing Assets/Resources/Prefabs/PlayerSet.prefab using Guid(14ca9dae961f901469bab0ac5944f08b) Importer(815301076,1909f56bfc062723c751e8b465ee728b)  -> (artifact id: 'd1a5dbe083746471fe0d0cf03aee9fbb') in 0.005710 seconds 
========================================================================
Received Prepare
Registering precompiled user dll's ...
Registered in 0.002746 seconds.
Begin MonoManager ReloadAssembly
Symbol file LoadedFromMemory doesn't match image C:\Users\SGA\Desktop\국비김문주\unity\FunGame3D\My project\Library\PackageCache\com.unity.visualscripting@1.8.0\Editor\VisualScripting.Core\Dependencies\YamlDotNet\Unity.VisualScripting.YamlDotNet.dll
Symbol file LoadedFromMemory doesn't match image C:\Users\SGA\Desktop\국비김문주\unity\FunGame3D\My project\Library\PackageCache\com.unity.visualscripting@1.8.0\Editor\VisualScripting.Core\Dependencies\DotNetZip\Unity.VisualScripting.IonicZip.dll
Native extension for WindowsStandalone target not found
Refreshing native plugins compatible for Editor in 0.45 ms, found 3 plugins.
Preloading 0 native plugins for Editor in 0.00 ms.
Mono: successfully reloaded assembly
- Completed reload, in  0.670 seconds
Domain Reload Profiling:
	ReloadAssembly (670ms)
		BeginReloadAssembly (101ms)
			ExecutionOrderSort (0ms)
			DisableScriptedObjects (3ms)
			BackupInstance (0ms)
			ReleaseScriptingObjects (0ms)
			CreateAndSetChildDomain (28ms)
		EndReloadAssembly (503ms)
			LoadAssemblies (59ms)
			RebuildTransferFunctionScriptingTraits (0ms)
			SetupTypeCache (164ms)
			ReleaseScriptCaches (1ms)
			RebuildScriptCaches (30ms)
			SetupLoadedEditorAssemblies (220ms)
				LogAssemblyErrors (0ms)
				InitializePlatformSupportModulesInManaged (4ms)
				SetLoadedEditorAssemblies (0ms)
				RefreshPlugins (1ms)
				BeforeProcessingInitializeOnLoad (46ms)
				ProcessInitializeOnLoadAttributes (150ms)
				ProcessInitializeOnLoadMethodAttributes (14ms)
				AfterProcessingInitializeOnLoad (5ms)
				EditorAssembliesLoaded (0ms)
			ExecutionOrderSort2 (0ms)
			AwakeInstancesAfterBackupRestoration (5ms)
Platform modules already initialized, skipping
Refreshing native plugins compatible for Editor in 1.25 ms, found 3 plugins.
Preloading 0 native plugins for Editor in 0.00 ms.
Unloading 3124 Unused Serialized files (Serialized files now loaded: 0)
Unloading 17 unused Assets / (80.6 KB). Loaded Objects now: 3658.
Memory consumption went from 130.4 MB to 130.3 MB.
Total: 1.963100 ms (FindLiveObjects: 0.167000 ms CreateObjectMapping: 0.072200 ms MarkObjects: 1.653400 ms  DeleteObjects: 0.069700 ms)

AssetImportParameters requested are different than current active one (requested -> active):
  custom:video-decoder-ogg-theora: a1e56fd34408186e4bbccfd4996cb3dc -> 
  custom:container-muxer-webm: aa71ff27fc2769a1b78a27578f13a17b -> 
  custom:container-demuxer-webm: 4f35f7cbe854078d1ac9338744f61a02 -> 
  custom:video-encoder-webm-vp8: eb34c28f22e8b96e1ab97ce403110664 -> 
  custom:audio-encoder-webm-vorbis: bf7c407c2cedff20999df2af8eb42d56 -> 
  custom:framework-win-MediaFoundation: 216162199b28c13a410421893ffa2e32 -> 
  custom:container-demuxer-ogg: 62fdf1f143b41e24485cea50d1cbac27 -> 
  custom:video-decoder-webm-vp8: 9c59270c3fd7afecdb556c50c9e8de78 -> 
  custom:audio-decoder-ogg-vorbis: bf7c407c2cedff20999df2af8eb42d56 -> 
========================================================================
Received Import Request.
  Time since last request: 52.546900 seconds.
  path: Assets/99.Resource/JMO Assets/Cartoon FX (legacy)/Demo/UI Canvas/CFX Demo Btn Camera.png
  artifactKey: Guid(4c72f3c555f96274787f31379fabb6ff) Importer(815301076,1909f56bfc062723c751e8b465ee728b)
Start importing Assets/99.Resource/JMO Assets/Cartoon FX (legacy)/Demo/UI Canvas/CFX Demo Btn Camera.png using Guid(4c72f3c555f96274787f31379fabb6ff) Importer(815301076,1909f56bfc062723c751e8b465ee728b)  -> (artifact id: 'e5c833eb291a3a53fb25768cb9dcd6e4') in 0.071062 seconds 
========================================================================
Received Import Request.
  Time since last request: 0.000035 seconds.
  path: Assets/99.Resource/JMO Assets/Cartoon FX (legacy)/CFX3 Prefabs/Magic Dark/CFX3_DarkMagicAura_A.prefab
  artifactKey: Guid(7b56cd9b663f23f429e131a54ec87db0) Importer(815301076,1909f56bfc062723c751e8b465ee728b)
Start importing Assets/99.Resource/JMO Assets/Cartoon FX (legacy)/CFX3 Prefabs/Magic Dark/CFX3_DarkMagicAura_A.prefab using Guid(7b56cd9b663f23f429e131a54ec87db0) Importer(815301076,1909f56bfc062723c751e8b465ee728b)  -> (artifact id: '3d32afa529e001583b0a40fd9ee5254b') in 0.033622 seconds 
========================================================================
Received Import Request.
  Time since last request: 2.168291 seconds.
  path: Assets/Resources/Texture/PlayerBackMirror.renderTexture
  artifactKey: Guid(bfc0e759f2e09b5488d5c95133f9ec34) Importer(815301076,1909f56bfc062723c751e8b465ee728b)
Start importing Assets/Resources/Texture/PlayerBackMirror.renderTexture using Guid(bfc0e759f2e09b5488d5c95133f9ec34) Importer(815301076,1909f56bfc062723c751e8b465ee728b)  -> (artifact id: 'b3adf36a6b0acabf8330d6bed63e6f8b') in 0.006034 seconds 
========================================================================
Received Import Request.
  Time since last request: 1.673255 seconds.
  path: Assets/Resources/Prefabs/Stage/PlaySet.prefab
  artifactKey: Guid(e322e337acbf99540b317bd50009e9a2) Importer(815301076,1909f56bfc062723c751e8b465ee728b)
Start importing Assets/Resources/Prefabs/Stage/PlaySet.prefab using Guid(e322e337acbf99540b317bd50009e9a2) Importer(815301076,1909f56bfc062723c751e8b465ee728b)  -> (artifact id: '72abdaff6449428927477d9d7c97c141') in 0.038443 seconds 
========================================================================
Received Import Request.
  Time since last request: 24.497169 seconds.
  path: Assets/Resources/Prefabs/Stage/PlaySet.prefab
  artifactKey: Guid(e322e337acbf99540b317bd50009e9a2) Importer(815301076,1909f56bfc062723c751e8b465ee728b)
Start importing Assets/Resources/Prefabs/Stage/PlaySet.prefab using Guid(e322e337acbf99540b317bd50009e9a2) Importer(815301076,1909f56bfc062723c751e8b465ee728b)  -> (artifact id: '1de1dabc0fac38c6be5b2488af75bd21') in 0.012645 seconds 
========================================================================
Received Import Request.
  Time since last request: 6.229908 seconds.
  path: Assets/Resources/Prefabs/Stage/PlaySet.prefab
  artifactKey: Guid(e322e337acbf99540b317bd50009e9a2) Importer(815301076,1909f56bfc062723c751e8b465ee728b)
Start importing Assets/Resources/Prefabs/Stage/PlaySet.prefab using Guid(e322e337acbf99540b317bd50009e9a2) Importer(815301076,1909f56bfc062723c751e8b465ee728b)  -> (artifact id: '2cd62bed4603c627ecb21072adad8c49') in 0.017294 seconds 
========================================================================
Received Import Request.
  Time since last request: 6.459227 seconds.
  path: Assets/Resources/Prefabs/Stage/PlaySet.prefab
  artifactKey: Guid(e322e337acbf99540b317bd50009e9a2) Importer(815301076,1909f56bfc062723c751e8b465ee728b)
Start importing Assets/Resources/Prefabs/Stage/PlaySet.prefab using Guid(e322e337acbf99540b317bd50009e9a2) Importer(815301076,1909f56bfc062723c751e8b465ee728b)  -> (artifact id: '680402fe0345f2f487335f48cd57ab82') in 0.010015 seconds 
========================================================================
Received Import Request.
  Time since last request: 19.551693 seconds.
  path: Assets/Resources/Prefabs/Stage/PlaySet.prefab
  artifactKey: Guid(e322e337acbf99540b317bd50009e9a2) Importer(815301076,1909f56bfc062723c751e8b465ee728b)
Start importing Assets/Resources/Prefabs/Stage/PlaySet.prefab using Guid(e322e337acbf99540b317bd50009e9a2) Importer(815301076,1909f56bfc062723c751e8b465ee728b)  -> (artifact id: 'adb7099ebf5dd1b559267d750f18c295') in 0.011029 seconds 
========================================================================
Received Import Request.
  Time since last request: 11.668157 seconds.
  path: Assets/Resources/Prefabs/Stage/PlaySet.prefab
  artifactKey: Guid(e322e337acbf99540b317bd50009e9a2) Importer(815301076,1909f56bfc062723c751e8b465ee728b)
Start importing Assets/Resources/Prefabs/Stage/PlaySet.prefab using Guid(e322e337acbf99540b317bd50009e9a2) Importer(815301076,1909f56bfc062723c751e8b465ee728b)  -> (artifact id: '6e987f0c03d0224dfa357bbff1d85aa3') in 0.010624 seconds 
========================================================================
Received Import Request.
  Time since last request: 4.446725 seconds.
  path: Assets/Resources/Prefabs/Stage/PlaySet.prefab
  artifactKey: Guid(e322e337acbf99540b317bd50009e9a2) Importer(815301076,1909f56bfc062723c751e8b465ee728b)
Start importing Assets/Resources/Prefabs/Stage/PlaySet.prefab using Guid(e322e337acbf99540b317bd50009e9a2) Importer(815301076,1909f56bfc062723c751e8b465ee728b)  -> (artifact id: '5196d47438b2390026fdc01c07c322ff') in 0.012326 seconds 
========================================================================
Received Import Request.
  Time since last request: 5.809474 seconds.
  path: Assets/Resources/Prefabs/Stage/PlaySet.prefab
  artifactKey: Guid(e322e337acbf99540b317bd50009e9a2) Importer(815301076,1909f56bfc062723c751e8b465ee728b)
Start importing Assets/Resources/Prefabs/Stage/PlaySet.prefab using Guid(e322e337acbf99540b317bd50009e9a2) Importer(815301076,1909f56bfc062723c751e8b465ee728b)  -> (artifact id: '329abd65b5579ee43370e19b3a944038') in 0.010060 seconds 
========================================================================
Received Import Request.
  Time since last request: 6.060029 seconds.
  path: Assets/Resources/Prefabs/Stage/PlaySet.prefab
  artifactKey: Guid(e322e337acbf99540b317bd50009e9a2) Importer(815301076,1909f56bfc062723c751e8b465ee728b)
Start importing Assets/Resources/Prefabs/Stage/PlaySet.prefab using Guid(e322e337acbf99540b317bd50009e9a2) Importer(815301076,1909f56bfc062723c751e8b465ee728b)  -> (artifact id: '12f240630a29f25dc7541f19def2f76b') in 0.013693 seconds 
========================================================================
Received Import Request.
  Time since last request: 41.106355 seconds.
  path: Assets/Resources/Prefabs/Stage/PlaySet.prefab
  artifactKey: Guid(e322e337acbf99540b317bd50009e9a2) Importer(815301076,1909f56bfc062723c751e8b465ee728b)
Start importing Assets/Resources/Prefabs/Stage/PlaySet.prefab using Guid(e322e337acbf99540b317bd50009e9a2) Importer(815301076,1909f56bfc062723c751e8b465ee728b)  -> (artifact id: '7b325267824449ba9d8e3e8a00653a2a') in 0.011823 seconds 
========================================================================
Received Import Request.
  Time since last request: 0.787966 seconds.
  path: Assets/Resources/Prefabs/Stage/PlaySet.prefab
  artifactKey: Guid(e322e337acbf99540b317bd50009e9a2) Importer(815301076,1909f56bfc062723c751e8b465ee728b)
Start importing Assets/Resources/Prefabs/Stage/PlaySet.prefab using Guid(e322e337acbf99540b317bd50009e9a2) Importer(815301076,1909f56bfc062723c751e8b465ee728b)  -> (artifact id: 'c51fe356ee90219821503ca2f5813867') in 0.010964 seconds 
========================================================================
Received Import Request.
  Time since last request: 3.610133 seconds.
  path: Assets/Resources/Prefabs/Stage/PlaySet.prefab
  artifactKey: Guid(e322e337acbf99540b317bd50009e9a2) Importer(815301076,1909f56bfc062723c751e8b465ee728b)
Start importing Assets/Resources/Prefabs/Stage/PlaySet.prefab using Guid(e322e337acbf99540b317bd50009e9a2) Importer(815301076,1909f56bfc062723c751e8b465ee728b)  -> (artifact id: 'fc8d1a2de3f78e3c9802ec5a059e6999') in 0.011082 seconds 
========================================================================
Received Import Request.
  Time since last request: 1.200638 seconds.
  path: Assets/Resources/Prefabs/Stage/PlaySet.prefab
  artifactKey: Guid(e322e337acbf99540b317bd50009e9a2) Importer(815301076,1909f56bfc062723c751e8b465ee728b)
Start importing Assets/Resources/Prefabs/Stage/PlaySet.prefab using Guid(e322e337acbf99540b317bd50009e9a2) Importer(815301076,1909f56bfc062723c751e8b465ee728b)  -> (artifact id: 'd594a67cc5a52e1bd21ebad0137b9f1e') in 0.010696 seconds 
========================================================================
Received Import Request.
  Time since last request: 4.818297 seconds.
  path: Assets/Resources/Prefabs/Stage/PlaySet.prefab
  artifactKey: Guid(e322e337acbf99540b317bd50009e9a2) Importer(815301076,1909f56bfc062723c751e8b465ee728b)
Start importing Assets/Resources/Prefabs/Stage/PlaySet.prefab using Guid(e322e337acbf99540b317bd50009e9a2) Importer(815301076,1909f56bfc062723c751e8b465ee728b)  -> (artifact id: '0557ea1f33298e95ea06476b6bb41692') in 0.011470 seconds 
========================================================================
Received Import Request.
  Time since last request: 4.821589 seconds.
  path: Assets/Resources/Prefabs/Stage/PlaySet.prefab
  artifactKey: Guid(e322e337acbf99540b317bd50009e9a2) Importer(815301076,1909f56bfc062723c751e8b465ee728b)
Start importing Assets/Resources/Prefabs/Stage/PlaySet.prefab using Guid(e322e337acbf99540b317bd50009e9a2) Importer(815301076,1909f56bfc062723c751e8b465ee728b)  -> (artifact id: '408dcda29ad7f61c755c24b14df6fcfb') in 0.010882 seconds 
========================================================================
Received Import Request.
  Time since last request: 4.231109 seconds.
  path: Assets/Resources/Prefabs/Stage/PlaySet.prefab
  artifactKey: Guid(e322e337acbf99540b317bd50009e9a2) Importer(815301076,1909f56bfc062723c751e8b465ee728b)
Start importing Assets/Resources/Prefabs/Stage/PlaySet.prefab using Guid(e322e337acbf99540b317bd50009e9a2) Importer(815301076,1909f56bfc062723c751e8b465ee728b)  -> (artifact id: '6578249af8bbf20553ce0dd2f924ec57') in 0.010921 seconds 
========================================================================
Received Import Request.
  Time since last request: 7.255002 seconds.
  path: Assets/Resources/Prefabs/Stage/PlaySet.prefab
  artifactKey: Guid(e322e337acbf99540b317bd50009e9a2) Importer(815301076,1909f56bfc062723c751e8b465ee728b)
Start importing Assets/Resources/Prefabs/Stage/PlaySet.prefab using Guid(e322e337acbf99540b317bd50009e9a2) Importer(815301076,1909f56bfc062723c751e8b465ee728b)  -> (artifact id: 'dc0d0be9c2a73d842c319b5c8d505239') in 0.019050 seconds 
========================================================================
Received Import Request.
  Time since last request: 6.027213 seconds.
  path: Assets/Resources/Prefabs/Stage/PlaySet.prefab
  artifactKey: Guid(e322e337acbf99540b317bd50009e9a2) Importer(815301076,1909f56bfc062723c751e8b465ee728b)
Start importing Assets/Resources/Prefabs/Stage/PlaySet.prefab using Guid(e322e337acbf99540b317bd50009e9a2) Importer(815301076,1909f56bfc062723c751e8b465ee728b)  -> (artifact id: 'b8400a1e22efd7ffdd44c870144decb2') in 0.010661 seconds 
========================================================================
Received Import Request.
  Time since last request: 2.421794 seconds.
  path: Assets/Resources/Prefabs/Stage/PlaySet.prefab
  artifactKey: Guid(e322e337acbf99540b317bd50009e9a2) Importer(815301076,1909f56bfc062723c751e8b465ee728b)
Start importing Assets/Resources/Prefabs/Stage/PlaySet.prefab using Guid(e322e337acbf99540b317bd50009e9a2) Importer(815301076,1909f56bfc062723c751e8b465ee728b)  -> (artifact id: '16afcf8e9d50677e74901ed2a5db9de6') in 0.012507 seconds 
========================================================================
Received Import Request.
  Time since last request: 11.258692 seconds.
  path: Assets/Resources/Prefabs/Stage/PlaySet.prefab
  artifactKey: Guid(e322e337acbf99540b317bd50009e9a2) Importer(815301076,1909f56bfc062723c751e8b465ee728b)
Start importing Assets/Resources/Prefabs/Stage/PlaySet.prefab using Guid(e322e337acbf99540b317bd50009e9a2) Importer(815301076,1909f56bfc062723c751e8b465ee728b)  -> (artifact id: '025d9a94397d2110a8b70a610391aea0') in 0.010798 seconds 
========================================================================
Received Import Request.
  Time since last request: 11.481846 seconds.
  path: Assets/Resources/Prefabs/Stage/PlaySet.prefab
  artifactKey: Guid(e322e337acbf99540b317bd50009e9a2) Importer(815301076,1909f56bfc062723c751e8b465ee728b)
Start importing Assets/Resources/Prefabs/Stage/PlaySet.prefab using Guid(e322e337acbf99540b317bd50009e9a2) Importer(815301076,1909f56bfc062723c751e8b465ee728b)  -> (artifact id: '03828ff0931dace8397f616bcb7d15e4') in 0.010543 seconds 
========================================================================
Received Import Request.
  Time since last request: 11.473812 seconds.
  path: Assets/Resources/Prefabs/Stage/PlaySet.prefab
  artifactKey: Guid(e322e337acbf99540b317bd50009e9a2) Importer(815301076,1909f56bfc062723c751e8b465ee728b)
Start importing Assets/Resources/Prefabs/Stage/PlaySet.prefab using Guid(e322e337acbf99540b317bd50009e9a2) Importer(815301076,1909f56bfc062723c751e8b465ee728b)  -> (artifact id: '821c80637109ac464df39be6297bf416') in 0.010739 seconds 
========================================================================
Received Import Request.
  Time since last request: 4.636565 seconds.
  path: Assets/Resources/Prefabs/Stage/PlaySet.prefab
  artifactKey: Guid(e322e337acbf99540b317bd50009e9a2) Importer(815301076,1909f56bfc062723c751e8b465ee728b)
Start importing Assets/Resources/Prefabs/Stage/PlaySet.prefab using Guid(e322e337acbf99540b317bd50009e9a2) Importer(815301076,1909f56bfc062723c751e8b465ee728b)  -> (artifact id: '836337d0b6e1b21d9ccc105101d87c11') in 0.013186 seconds 
========================================================================
Received Import Request.
  Time since last request: 5.202815 seconds.
  path: Assets/Resources/Prefabs/Stage/PlaySet.prefab
  artifactKey: Guid(e322e337acbf99540b317bd50009e9a2) Importer(815301076,1909f56bfc062723c751e8b465ee728b)
Start importing Assets/Resources/Prefabs/Stage/PlaySet.prefab using Guid(e322e337acbf99540b317bd50009e9a2) Importer(815301076,1909f56bfc062723c751e8b465ee728b)  -> (artifact id: '52c513fd9e5be7f26881bf1d51aa4e1f') in 0.010106 seconds 
========================================================================
Received Import Request.
  Time since last request: 3.613090 seconds.
  path: Assets/Resources/Prefabs/Stage/PlaySet.prefab
  artifactKey: Guid(e322e337acbf99540b317bd50009e9a2) Importer(815301076,1909f56bfc062723c751e8b465ee728b)
Start importing Assets/Resources/Prefabs/Stage/PlaySet.prefab using Guid(e322e337acbf99540b317bd50009e9a2) Importer(815301076,1909f56bfc062723c751e8b465ee728b)  -> (artifact id: 'be41f73823b68c8d8195058339acce78') in 0.010885 seconds 
========================================================================
Received Import Request.
  Time since last request: 19.536214 seconds.
  path: Assets/Resources/Prefabs/Stage/PlaySet.prefab
  artifactKey: Guid(e322e337acbf99540b317bd50009e9a2) Importer(815301076,1909f56bfc062723c751e8b465ee728b)
Start importing Assets/Resources/Prefabs/Stage/PlaySet.prefab using Guid(e322e337acbf99540b317bd50009e9a2) Importer(815301076,1909f56bfc062723c751e8b465ee728b)  -> (artifact id: '53b260a8cb4e7b73028b15c00c04b1b0') in 0.011005 seconds 
========================================================================
Received Import Request.
  Time since last request: 3.209555 seconds.
  path: Assets/Resources/Prefabs/Stage/PlaySet.prefab
  artifactKey: Guid(e322e337acbf99540b317bd50009e9a2) Importer(815301076,1909f56bfc062723c751e8b465ee728b)
Start importing Assets/Resources/Prefabs/Stage/PlaySet.prefab using Guid(e322e337acbf99540b317bd50009e9a2) Importer(815301076,1909f56bfc062723c751e8b465ee728b)  -> (artifact id: '25f1290690db1eaff85fefd043a0a27f') in 0.010588 seconds 
========================================================================
Received Import Request.
  Time since last request: 5.447106 seconds.
  path: Assets/Resources/Prefabs/Stage/PlaySet.prefab
  artifactKey: Guid(e322e337acbf99540b317bd50009e9a2) Importer(815301076,1909f56bfc062723c751e8b465ee728b)
Start importing Assets/Resources/Prefabs/Stage/PlaySet.prefab using Guid(e322e337acbf99540b317bd50009e9a2) Importer(815301076,1909f56bfc062723c751e8b465ee728b)  -> (artifact id: '718685ab5f27d6384c604c49f803ab94') in 0.013240 seconds 
========================================================================
Received Import Request.
  Time since last request: 2.976903 seconds.
  path: Assets/Resources/Prefabs/Stage/PlaySet.prefab
  artifactKey: Guid(e322e337acbf99540b317bd50009e9a2) Importer(815301076,1909f56bfc062723c751e8b465ee728b)
Start importing Assets/Resources/Prefabs/Stage/PlaySet.prefab using Guid(e322e337acbf99540b317bd50009e9a2) Importer(815301076,1909f56bfc062723c751e8b465ee728b)  -> (artifact id: '383127a0124b4065b9038c815e9447fa') in 0.011540 seconds 
========================================================================
Received Import Request.
  Time since last request: 1.797545 seconds.
  path: Assets/Resources/Prefabs/Stage/PlaySet.prefab
  artifactKey: Guid(e322e337acbf99540b317bd50009e9a2) Importer(815301076,1909f56bfc062723c751e8b465ee728b)
Start importing Assets/Resources/Prefabs/Stage/PlaySet.prefab using Guid(e322e337acbf99540b317bd50009e9a2) Importer(815301076,1909f56bfc062723c751e8b465ee728b)  -> (artifact id: '8b21f0082d98bd6f38a3acb48972be92') in 0.011418 seconds 
========================================================================
Received Import Request.
  Time since last request: 2.602641 seconds.
  path: Assets/Resources/Prefabs/Stage/PlaySet.prefab
  artifactKey: Guid(e322e337acbf99540b317bd50009e9a2) Importer(815301076,1909f56bfc062723c751e8b465ee728b)
Start importing Assets/Resources/Prefabs/Stage/PlaySet.prefab using Guid(e322e337acbf99540b317bd50009e9a2) Importer(815301076,1909f56bfc062723c751e8b465ee728b)  -> (artifact id: 'ba323b878f5712f59164f9c0d63a86af') in 0.010299 seconds 
========================================================================
Received Import Request.
  Time since last request: 93.027486 seconds.
  path: Assets/Resources/Prefabs/PlayerSet.prefab
  artifactKey: Guid(14ca9dae961f901469bab0ac5944f08b) Importer(815301076,1909f56bfc062723c751e8b465ee728b)
Start importing Assets/Resources/Prefabs/PlayerSet.prefab using Guid(14ca9dae961f901469bab0ac5944f08b) Importer(815301076,1909f56bfc062723c751e8b465ee728b)  -> (artifact id: '21333e71894df9150e244c1b5782c9bb') in 0.023888 seconds 
========================================================================
Received Import Request.
  Time since last request: 8.208319 seconds.
  path: Assets/Resources/Prefabs/PlayerSet.prefab
  artifactKey: Guid(14ca9dae961f901469bab0ac5944f08b) Importer(815301076,1909f56bfc062723c751e8b465ee728b)
Start importing Assets/Resources/Prefabs/PlayerSet.prefab using Guid(14ca9dae961f901469bab0ac5944f08b) Importer(815301076,1909f56bfc062723c751e8b465ee728b)  -> (artifact id: '012970a8cfdf333c33fa0f8ab2152b20') in 0.011788 seconds 
========================================================================
Received Import Request.
  Time since last request: 9.873767 seconds.
  path: Assets/Resources/Prefabs/PlayerSet.prefab
  artifactKey: Guid(14ca9dae961f901469bab0ac5944f08b) Importer(815301076,1909f56bfc062723c751e8b465ee728b)
Start importing Assets/Resources/Prefabs/PlayerSet.prefab using Guid(14ca9dae961f901469bab0ac5944f08b) Importer(815301076,1909f56bfc062723c751e8b465ee728b)  -> (artifact id: '4349d4be0135f4d85077517a4162e2f8') in 0.015601 seconds 
========================================================================
Received Import Request.
  Time since last request: 2.350928 seconds.
  path: Assets/Resources/Prefabs/PlayerSet.prefab
  artifactKey: Guid(14ca9dae961f901469bab0ac5944f08b) Importer(815301076,1909f56bfc062723c751e8b465ee728b)
Start importing Assets/Resources/Prefabs/PlayerSet.prefab using Guid(14ca9dae961f901469bab0ac5944f08b) Importer(815301076,1909f56bfc062723c751e8b465ee728b)  -> (artifact id: '3bef66a6a81dceda87d9e974d8101421') in 0.016426 seconds 
========================================================================
Received Import Request.
  Time since last request: 10.686773 seconds.
  path: Assets/Resources/Prefabs/PlayerSet.prefab
  artifactKey: Guid(14ca9dae961f901469bab0ac5944f08b) Importer(815301076,1909f56bfc062723c751e8b465ee728b)
Start importing Assets/Resources/Prefabs/PlayerSet.prefab using Guid(14ca9dae961f901469bab0ac5944f08b) Importer(815301076,1909f56bfc062723c751e8b465ee728b)  -> (artifact id: '93ba04dff106755052eda572881752a1') in 0.017339 seconds 
========================================================================
Received Import Request.
  Time since last request: 0.974961 seconds.
  path: Assets/Resources/Prefabs/PlayerSet.prefab
  artifactKey: Guid(14ca9dae961f901469bab0ac5944f08b) Importer(815301076,1909f56bfc062723c751e8b465ee728b)
Start importing Assets/Resources/Prefabs/PlayerSet.prefab using Guid(14ca9dae961f901469bab0ac5944f08b) Importer(815301076,1909f56bfc062723c751e8b465ee728b)  -> (artifact id: 'e5edbc2bbb2d28936d71ad7edf508f64') in 0.018731 seconds 
========================================================================
Received Import Request.
  Time since last request: 2.574768 seconds.
  path: Assets/Resources/Prefabs/PlayerSet.prefab
  artifactKey: Guid(14ca9dae961f901469bab0ac5944f08b) Importer(815301076,1909f56bfc062723c751e8b465ee728b)
Start importing Assets/Resources/Prefabs/PlayerSet.prefab using Guid(14ca9dae961f901469bab0ac5944f08b) Importer(815301076,1909f56bfc062723c751e8b465ee728b)  -> (artifact id: '2192da03124280636cdcd10986ff284f') in 0.011115 seconds 
========================================================================
Received Import Request.
  Time since last request: 4.627420 seconds.
  path: Assets/Resources/Prefabs/PlayerSet.prefab
  artifactKey: Guid(14ca9dae961f901469bab0ac5944f08b) Importer(815301076,1909f56bfc062723c751e8b465ee728b)
Start importing Assets/Resources/Prefabs/PlayerSet.prefab using Guid(14ca9dae961f901469bab0ac5944f08b) Importer(815301076,1909f56bfc062723c751e8b465ee728b)  -> (artifact id: '999ed673e9b1ef7c05f9faf5356c4999') in 0.010946 seconds 
========================================================================
Received Import Request.
  Time since last request: 0.792265 seconds.
  path: Assets/Resources/Prefabs/PlayerSet.prefab
  artifactKey: Guid(14ca9dae961f901469bab0ac5944f08b) Importer(815301076,1909f56bfc062723c751e8b465ee728b)
Start importing Assets/Resources/Prefabs/PlayerSet.prefab using Guid(14ca9dae961f901469bab0ac5944f08b) Importer(815301076,1909f56bfc062723c751e8b465ee728b)  -> (artifact id: '6311c9fcb56be7de917986574831d1b4') in 0.010971 seconds 
========================================================================
Received Import Request.
  Time since last request: 2.209216 seconds.
  path: Assets/Resources/Prefabs/PlayerSet.prefab
  artifactKey: Guid(14ca9dae961f901469bab0ac5944f08b) Importer(815301076,1909f56bfc062723c751e8b465ee728b)
Start importing Assets/Resources/Prefabs/PlayerSet.prefab using Guid(14ca9dae961f901469bab0ac5944f08b) Importer(815301076,1909f56bfc062723c751e8b465ee728b)  -> (artifact id: '139c392d40998ae5ee5adc759ed46bee') in 0.011803 seconds 
========================================================================
Received Import Request.
  Time since last request: 12.902299 seconds.
  path: Assets/Resources/Prefabs/PlayerSet.prefab
  artifactKey: Guid(14ca9dae961f901469bab0ac5944f08b) Importer(815301076,1909f56bfc062723c751e8b465ee728b)
Start importing Assets/Resources/Prefabs/PlayerSet.prefab using Guid(14ca9dae961f901469bab0ac5944f08b) Importer(815301076,1909f56bfc062723c751e8b465ee728b)  -> (artifact id: 'b68c963a20b6396d127e878f4b9b4a4b') in 0.016868 seconds 
========================================================================
Received Import Request.
  Time since last request: 3.571364 seconds.
  path: Assets/Resources/Prefabs/PlayerSet.prefab
  artifactKey: Guid(14ca9dae961f901469bab0ac5944f08b) Importer(815301076,1909f56bfc062723c751e8b465ee728b)
Start importing Assets/Resources/Prefabs/PlayerSet.prefab using Guid(14ca9dae961f901469bab0ac5944f08b) Importer(815301076,1909f56bfc062723c751e8b465ee728b)  -> (artifact id: 'ad943a8a990675398795881009e56bc1') in 0.011088 seconds 
========================================================================
Received Import Request.
  Time since last request: 6.654593 seconds.
  path: Assets/Resources/Prefabs/PlayerSet.prefab
  artifactKey: Guid(14ca9dae961f901469bab0ac5944f08b) Importer(815301076,1909f56bfc062723c751e8b465ee728b)
Start importing Assets/Resources/Prefabs/PlayerSet.prefab using Guid(14ca9dae961f901469bab0ac5944f08b) Importer(815301076,1909f56bfc062723c751e8b465ee728b)  -> (artifact id: '9687477b5edd1046e9322bf0077fe5ba') in 0.010812 seconds 
========================================================================
Received Import Request.
  Time since last request: 1.399835 seconds.
  path: Assets/Resources/Prefabs/PlayerSet.prefab
  artifactKey: Guid(14ca9dae961f901469bab0ac5944f08b) Importer(815301076,1909f56bfc062723c751e8b465ee728b)
Start importing Assets/Resources/Prefabs/PlayerSet.prefab using Guid(14ca9dae961f901469bab0ac5944f08b) Importer(815301076,1909f56bfc062723c751e8b465ee728b)  -> (artifact id: '534f5c4aac0d084b0cea6737c8bb7aaa') in 0.012128 seconds 
========================================================================
Received Import Request.
  Time since last request: 1.181790 seconds.
  path: Assets/Resources/Prefabs/PlayerSet.prefab
  artifactKey: Guid(14ca9dae961f901469bab0ac5944f08b) Importer(815301076,1909f56bfc062723c751e8b465ee728b)
Start importing Assets/Resources/Prefabs/PlayerSet.prefab using Guid(14ca9dae961f901469bab0ac5944f08b) Importer(815301076,1909f56bfc062723c751e8b465ee728b)  -> (artifact id: 'b590223a7542edef3f764e1d1c95c895') in 0.011102 seconds 
========================================================================
Received Import Request.
  Time since last request: 8.255307 seconds.
  path: Assets/Resources/Prefabs/PlayerSet.prefab
  artifactKey: Guid(14ca9dae961f901469bab0ac5944f08b) Importer(815301076,1909f56bfc062723c751e8b465ee728b)
Start importing Assets/Resources/Prefabs/PlayerSet.prefab using Guid(14ca9dae961f901469bab0ac5944f08b) Importer(815301076,1909f56bfc062723c751e8b465ee728b)  -> (artifact id: '6acfbdabea0fd6a67ef41bca852f51ed') in 0.011751 seconds 
========================================================================
Received Import Request.
  Time since last request: 2.223166 seconds.
  path: Assets/Resources/Prefabs/PlayerSet.prefab
  artifactKey: Guid(14ca9dae961f901469bab0ac5944f08b) Importer(815301076,1909f56bfc062723c751e8b465ee728b)
Start importing Assets/Resources/Prefabs/PlayerSet.prefab using Guid(14ca9dae961f901469bab0ac5944f08b) Importer(815301076,1909f56bfc062723c751e8b465ee728b)  -> (artifact id: '563595786d8914dcaa1ae628197e9ed0') in 0.010865 seconds 
========================================================================
Received Prepare
Registering precompiled user dll's ...
Registered in 0.003642 seconds.
Begin MonoManager ReloadAssembly
Symbol file LoadedFromMemory doesn't match image C:\Users\SGA\Desktop\국비김문주\unity\FunGame3D\My project\Library\PackageCache\com.unity.visualscripting@1.8.0\Editor\VisualScripting.Core\Dependencies\YamlDotNet\Unity.VisualScripting.YamlDotNet.dll
Symbol file LoadedFromMemory doesn't match image C:\Users\SGA\Desktop\국비김문주\unity\FunGame3D\My project\Library\PackageCache\com.unity.visualscripting@1.8.0\Editor\VisualScripting.Core\Dependencies\DotNetZip\Unity.VisualScripting.IonicZip.dll
Native extension for WindowsStandalone target not found
Refreshing native plugins compatible for Editor in 0.45 ms, found 3 plugins.
Preloading 0 native plugins for Editor in 0.00 ms.
Mono: successfully reloaded assembly
- Completed reload, in  0.673 seconds
Domain Reload Profiling:
	ReloadAssembly (673ms)
		BeginReloadAssembly (101ms)
			ExecutionOrderSort (0ms)
			DisableScriptedObjects (3ms)
			BackupInstance (0ms)
			ReleaseScriptingObjects (0ms)
			CreateAndSetChildDomain (27ms)
		EndReloadAssembly (509ms)
			LoadAssemblies (63ms)
			RebuildTransferFunctionScriptingTraits (0ms)
			SetupTypeCache (168ms)
			ReleaseScriptCaches (1ms)
			RebuildScriptCaches (28ms)
			SetupLoadedEditorAssemblies (223ms)
				LogAssemblyErrors (0ms)
				InitializePlatformSupportModulesInManaged (4ms)
				SetLoadedEditorAssemblies (0ms)
				RefreshPlugins (0ms)
				BeforeProcessingInitializeOnLoad (47ms)
				ProcessInitializeOnLoadAttributes (151ms)
				ProcessInitializeOnLoadMethodAttributes (15ms)
				AfterProcessingInitializeOnLoad (5ms)
				EditorAssembliesLoaded (0ms)
			ExecutionOrderSort2 (0ms)
			AwakeInstancesAfterBackupRestoration (5ms)
Platform modules already initialized, skipping
Refreshing native plugins compatible for Editor in 1.28 ms, found 3 plugins.
Preloading 0 native plugins for Editor in 0.00 ms.
Unloading 3124 Unused Serialized files (Serialized files now loaded: 0)
Unloading 22 unused Assets / (82.3 KB). Loaded Objects now: 3667.
Memory consumption went from 130.8 MB to 130.7 MB.
Total: 2.348700 ms (FindLiveObjects: 0.169800 ms CreateObjectMapping: 0.075500 ms MarkObjects: 1.985200 ms  DeleteObjects: 0.117200 ms)

AssetImportParameters requested are different than current active one (requested -> active):
  custom:video-decoder-ogg-theora: a1e56fd34408186e4bbccfd4996cb3dc -> 
  custom:container-muxer-webm: aa71ff27fc2769a1b78a27578f13a17b -> 
  custom:container-demuxer-webm: 4f35f7cbe854078d1ac9338744f61a02 -> 
  custom:video-encoder-webm-vp8: eb34c28f22e8b96e1ab97ce403110664 -> 
  custom:audio-encoder-webm-vorbis: bf7c407c2cedff20999df2af8eb42d56 -> 
  custom:framework-win-MediaFoundation: 216162199b28c13a410421893ffa2e32 -> 
  custom:container-demuxer-ogg: 62fdf1f143b41e24485cea50d1cbac27 -> 
  custom:video-decoder-webm-vp8: 9c59270c3fd7afecdb556c50c9e8de78 -> 
  custom:audio-decoder-ogg-vorbis: bf7c407c2cedff20999df2af8eb42d56 -> 
========================================================================
Received Import Request.
  Time since last request: 52.214460 seconds.
  path: Assets/Resources/Prefabs/PlayerSet.prefab
  artifactKey: Guid(14ca9dae961f901469bab0ac5944f08b) Importer(815301076,1909f56bfc062723c751e8b465ee728b)
Start importing Assets/Resources/Prefabs/PlayerSet.prefab using Guid(14ca9dae961f901469bab0ac5944f08b) Importer(815301076,1909f56bfc062723c751e8b465ee728b)  -> (artifact id: '05c27fb2cd435c17d1c6bae43a55467d') in 0.057006 seconds 
========================================================================
Received Prepare
Registering precompiled user dll's ...
Registered in 0.002635 seconds.
Begin MonoManager ReloadAssembly
Symbol file LoadedFromMemory doesn't match image C:\Users\SGA\Desktop\국비김문주\unity\FunGame3D\My project\Library\PackageCache\com.unity.visualscripting@1.8.0\Editor\VisualScripting.Core\Dependencies\YamlDotNet\Unity.VisualScripting.YamlDotNet.dll
Symbol file LoadedFromMemory doesn't match image C:\Users\SGA\Desktop\국비김문주\unity\FunGame3D\My project\Library\PackageCache\com.unity.visualscripting@1.8.0\Editor\VisualScripting.Core\Dependencies\DotNetZip\Unity.VisualScripting.IonicZip.dll
Native extension for WindowsStandalone target not found
Refreshing native plugins compatible for Editor in 0.43 ms, found 3 plugins.
Preloading 0 native plugins for Editor in 0.00 ms.
Mono: successfully reloaded assembly
- Completed reload, in  0.690 seconds
Domain Reload Profiling:
	ReloadAssembly (690ms)
		BeginReloadAssembly (100ms)
			ExecutionOrderSort (0ms)
			DisableScriptedObjects (3ms)
			BackupInstance (0ms)
			ReleaseScriptingObjects (0ms)
			CreateAndSetChildDomain (24ms)
		EndReloadAssembly (522ms)
			LoadAssemblies (67ms)
			RebuildTransferFunctionScriptingTraits (0ms)
			SetupTypeCache (189ms)
			ReleaseScriptCaches (1ms)
			RebuildScriptCaches (25ms)
			SetupLoadedEditorAssemblies (214ms)
				LogAssemblyErrors (0ms)
				InitializePlatformSupportModulesInManaged (4ms)
				SetLoadedEditorAssemblies (0ms)
				RefreshPlugins (0ms)
				BeforeProcessingInitializeOnLoad (42ms)
				ProcessInitializeOnLoadAttributes (148ms)
				ProcessInitializeOnLoadMethodAttributes (14ms)
				AfterProcessingInitializeOnLoad (5ms)
				EditorAssembliesLoaded (0ms)
			ExecutionOrderSort2 (0ms)
			AwakeInstancesAfterBackupRestoration (5ms)
Platform modules already initialized, skipping
Refreshing native plugins compatible for Editor in 1.21 ms, found 3 plugins.
Preloading 0 native plugins for Editor in 0.00 ms.
Unloading 3124 Unused Serialized files (Serialized files now loaded: 0)
Unloading 18 unused Assets / (80.5 KB). Loaded Objects now: 3670.
Memory consumption went from 130.8 MB to 130.7 MB.
Total: 2.143700 ms (FindLiveObjects: 0.176600 ms CreateObjectMapping: 0.076700 ms MarkObjects: 1.809000 ms  DeleteObjects: 0.080500 ms)

AssetImportParameters requested are different than current active one (requested -> active):
  custom:video-decoder-ogg-theora: a1e56fd34408186e4bbccfd4996cb3dc -> 
  custom:container-muxer-webm: aa71ff27fc2769a1b78a27578f13a17b -> 
  custom:container-demuxer-webm: 4f35f7cbe854078d1ac9338744f61a02 -> 
  custom:video-encoder-webm-vp8: eb34c28f22e8b96e1ab97ce403110664 -> 
  custom:audio-encoder-webm-vorbis: bf7c407c2cedff20999df2af8eb42d56 -> 
  custom:framework-win-MediaFoundation: 216162199b28c13a410421893ffa2e32 -> 
  custom:container-demuxer-ogg: 62fdf1f143b41e24485cea50d1cbac27 -> 
  custom:video-decoder-webm-vp8: 9c59270c3fd7afecdb556c50c9e8de78 -> 
  custom:audio-decoder-ogg-vorbis: bf7c407c2cedff20999df2af8eb42d56 -> 
========================================================================
Received Import Request.
  Time since last request: 3.387188 seconds.
  path: Assets/Resources/Prefabs/PlayerSet.prefab
  artifactKey: Guid(14ca9dae961f901469bab0ac5944f08b) Importer(815301076,1909f56bfc062723c751e8b465ee728b)
Start importing Assets/Resources/Prefabs/PlayerSet.prefab using Guid(14ca9dae961f901469bab0ac5944f08b) Importer(815301076,1909f56bfc062723c751e8b465ee728b)  -> (artifact id: '4f301e48b44c6c57d22ad000dd4ade8d') in 0.063652 seconds 
========================================================================
Received Prepare
Registering precompiled user dll's ...
Registered in 0.003580 seconds.
Begin MonoManager ReloadAssembly
Symbol file LoadedFromMemory doesn't match image C:\Users\SGA\Desktop\국비김문주\unity\FunGame3D\My project\Library\PackageCache\com.unity.visualscripting@1.8.0\Editor\VisualScripting.Core\Dependencies\YamlDotNet\Unity.VisualScripting.YamlDotNet.dll
Symbol file LoadedFromMemory doesn't match image C:\Users\SGA\Desktop\국비김문주\unity\FunGame3D\My project\Library\PackageCache\com.unity.visualscripting@1.8.0\Editor\VisualScripting.Core\Dependencies\DotNetZip\Unity.VisualScripting.IonicZip.dll
Native extension for WindowsStandalone target not found
Refreshing native plugins compatible for Editor in 0.48 ms, found 3 plugins.
Preloading 0 native plugins for Editor in 0.00 ms.
Mono: successfully reloaded assembly
- Completed reload, in  0.663 seconds
Domain Reload Profiling:
	ReloadAssembly (664ms)
		BeginReloadAssembly (106ms)
			ExecutionOrderSort (0ms)
			DisableScriptedObjects (3ms)
			BackupInstance (0ms)
			ReleaseScriptingObjects (0ms)
			CreateAndSetChildDomain (24ms)
		EndReloadAssembly (491ms)
			LoadAssemblies (67ms)
			RebuildTransferFunctionScriptingTraits (0ms)
			SetupTypeCache (165ms)
			ReleaseScriptCaches (1ms)
			RebuildScriptCaches (26ms)
			SetupLoadedEditorAssemblies (214ms)
				LogAssemblyErrors (0ms)
				InitializePlatformSupportModulesInManaged (4ms)
				SetLoadedEditorAssemblies (0ms)
				RefreshPlugins (1ms)
				BeforeProcessingInitializeOnLoad (42ms)
				ProcessInitializeOnLoadAttributes (147ms)
				ProcessInitializeOnLoadMethodAttributes (15ms)
				AfterProcessingInitializeOnLoad (5ms)
				EditorAssembliesLoaded (0ms)
			ExecutionOrderSort2 (0ms)
			AwakeInstancesAfterBackupRestoration (5ms)
Platform modules already initialized, skipping
Refreshing native plugins compatible for Editor in 1.21 ms, found 3 plugins.
Preloading 0 native plugins for Editor in 0.00 ms.
Unloading 3124 Unused Serialized files (Serialized files now loaded: 0)
Unloading 18 unused Assets / (80.2 KB). Loaded Objects now: 3673.
Memory consumption went from 130.8 MB to 130.7 MB.
Total: 1.948200 ms (FindLiveObjects: 0.160700 ms CreateObjectMapping: 0.072300 ms MarkObjects: 1.634600 ms  DeleteObjects: 0.079700 ms)

AssetImportParameters requested are different than current active one (requested -> active):
  custom:video-decoder-ogg-theora: a1e56fd34408186e4bbccfd4996cb3dc -> 
  custom:container-muxer-webm: aa71ff27fc2769a1b78a27578f13a17b -> 
  custom:container-demuxer-webm: 4f35f7cbe854078d1ac9338744f61a02 -> 
  custom:video-encoder-webm-vp8: eb34c28f22e8b96e1ab97ce403110664 -> 
  custom:audio-encoder-webm-vorbis: bf7c407c2cedff20999df2af8eb42d56 -> 
  custom:framework-win-MediaFoundation: 216162199b28c13a410421893ffa2e32 -> 
  custom:container-demuxer-ogg: 62fdf1f143b41e24485cea50d1cbac27 -> 
  custom:video-decoder-webm-vp8: 9c59270c3fd7afecdb556c50c9e8de78 -> 
  custom:audio-decoder-ogg-vorbis: bf7c407c2cedff20999df2af8eb42d56 -> 
========================================================================
Received Import Request.
  Time since last request: 81.381367 seconds.
  path: Assets/Resources/Prefabs/PlayerSet.prefab
  artifactKey: Guid(14ca9dae961f901469bab0ac5944f08b) Importer(815301076,1909f56bfc062723c751e8b465ee728b)
Start importing Assets/Resources/Prefabs/PlayerSet.prefab using Guid(14ca9dae961f901469bab0ac5944f08b) Importer(815301076,1909f56bfc062723c751e8b465ee728b)  -> (artifact id: '301c6360c8fd47627ac238050519a20f') in 0.057599 seconds 
========================================================================
Received Import Request.
  Time since last request: 14.492142 seconds.
  path: Assets/Resources/Prefabs/PlayerSet.prefab
  artifactKey: Guid(14ca9dae961f901469bab0ac5944f08b) Importer(815301076,1909f56bfc062723c751e8b465ee728b)
Start importing Assets/Resources/Prefabs/PlayerSet.prefab using Guid(14ca9dae961f901469bab0ac5944f08b) Importer(815301076,1909f56bfc062723c751e8b465ee728b)  -> (artifact id: '48b7f9d815a4876e89f2c2feb94d9165') in 0.008947 seconds 
========================================================================
Received Import Request.
  Time since last request: 9.267940 seconds.
  path: Assets/Resources/Fonts/Giants-Regular.ttf
  artifactKey: Guid(07816f1912590dd458f84730284a1efc) Importer(815301076,1909f56bfc062723c751e8b465ee728b)
Start importing Assets/Resources/Fonts/Giants-Regular.ttf using Guid(07816f1912590dd458f84730284a1efc) Importer(815301076,1909f56bfc062723c751e8b465ee728b)  -> (artifact id: '46fad24b86fca05c7e8107d1991b6349') in 0.048852 seconds 
========================================================================
Received Import Request.
  Time since last request: 17.963069 seconds.
  path: Assets/Resources/Prefabs/PlayerSet.prefab
  artifactKey: Guid(14ca9dae961f901469bab0ac5944f08b) Importer(815301076,1909f56bfc062723c751e8b465ee728b)
Start importing Assets/Resources/Prefabs/PlayerSet.prefab using Guid(14ca9dae961f901469bab0ac5944f08b) Importer(815301076,1909f56bfc062723c751e8b465ee728b)  -> (artifact id: '9acecbdb2f600a21e433c2d7f59b5f54') in 0.013045 seconds 
========================================================================
Received Prepare
Registering precompiled user dll's ...
Registered in 0.003228 seconds.
Begin MonoManager ReloadAssembly
Symbol file LoadedFromMemory doesn't match image C:\Users\SGA\Desktop\국비김문주\unity\FunGame3D\My project\Library\PackageCache\com.unity.visualscripting@1.8.0\Editor\VisualScripting.Core\Dependencies\YamlDotNet\Unity.VisualScripting.YamlDotNet.dll
Symbol file LoadedFromMemory doesn't match image C:\Users\SGA\Desktop\국비김문주\unity\FunGame3D\My project\Library\PackageCache\com.unity.visualscripting@1.8.0\Editor\VisualScripting.Core\Dependencies\DotNetZip\Unity.VisualScripting.IonicZip.dll
Native extension for WindowsStandalone target not found
Refreshing native plugins compatible for Editor in 0.46 ms, found 3 plugins.
Preloading 0 native plugins for Editor in 0.00 ms.
Mono: successfully reloaded assembly
- Completed reload, in  0.659 seconds
Domain Reload Profiling:
	ReloadAssembly (659ms)
		BeginReloadAssembly (101ms)
			ExecutionOrderSort (0ms)
			DisableScriptedObjects (3ms)
			BackupInstance (0ms)
			ReleaseScriptingObjects (0ms)
			CreateAndSetChildDomain (26ms)
		EndReloadAssembly (496ms)
			LoadAssemblies (59ms)
			RebuildTransferFunctionScriptingTraits (0ms)
			SetupTypeCache (168ms)
			ReleaseScriptCaches (1ms)
			RebuildScriptCaches (25ms)
			SetupLoadedEditorAssemblies (218ms)
				LogAssemblyErrors (0ms)
				InitializePlatformSupportModulesInManaged (4ms)
				SetLoadedEditorAssemblies (0ms)
				RefreshPlugins (1ms)
				BeforeProcessingInitializeOnLoad (44ms)
				ProcessInitializeOnLoadAttributes (152ms)
				ProcessInitializeOnLoadMethodAttributes (13ms)
				AfterProcessingInitializeOnLoad (4ms)
				EditorAssembliesLoaded (0ms)
			ExecutionOrderSort2 (0ms)
			AwakeInstancesAfterBackupRestoration (4ms)
Platform modules already initialized, skipping
Refreshing native plugins compatible for Editor in 1.08 ms, found 3 plugins.
Preloading 0 native plugins for Editor in 0.00 ms.
Unloading 3124 Unused Serialized files (Serialized files now loaded: 0)
Unloading 18 unused Assets / (80.3 KB). Loaded Objects now: 3712.
Memory consumption went from 131.0 MB to 131.0 MB.
Total: 1.986300 ms (FindLiveObjects: 0.158100 ms CreateObjectMapping: 0.068500 ms MarkObjects: 1.684400 ms  DeleteObjects: 0.074600 ms)

AssetImportParameters requested are different than current active one (requested -> active):
  custom:video-decoder-ogg-theora: a1e56fd34408186e4bbccfd4996cb3dc -> 
  custom:container-muxer-webm: aa71ff27fc2769a1b78a27578f13a17b -> 
  custom:container-demuxer-webm: 4f35f7cbe854078d1ac9338744f61a02 -> 
  custom:video-encoder-webm-vp8: eb34c28f22e8b96e1ab97ce403110664 -> 
  custom:audio-encoder-webm-vorbis: bf7c407c2cedff20999df2af8eb42d56 -> 
  custom:framework-win-MediaFoundation: 216162199b28c13a410421893ffa2e32 -> 
  custom:container-demuxer-ogg: 62fdf1f143b41e24485cea50d1cbac27 -> 
  custom:video-decoder-webm-vp8: 9c59270c3fd7afecdb556c50c9e8de78 -> 
  custom:audio-decoder-ogg-vorbis: bf7c407c2cedff20999df2af8eb42d56 -> 
========================================================================
Received Prepare
Registering precompiled user dll's ...
Registered in 0.003096 seconds.
Begin MonoManager ReloadAssembly
Symbol file LoadedFromMemory doesn't match image C:\Users\SGA\Desktop\국비김문주\unity\FunGame3D\My project\Library\PackageCache\com.unity.visualscripting@1.8.0\Editor\VisualScripting.Core\Dependencies\YamlDotNet\Unity.VisualScripting.YamlDotNet.dll
Symbol file LoadedFromMemory doesn't match image C:\Users\SGA\Desktop\국비김문주\unity\FunGame3D\My project\Library\PackageCache\com.unity.visualscripting@1.8.0\Editor\VisualScripting.Core\Dependencies\DotNetZip\Unity.VisualScripting.IonicZip.dll
Native extension for WindowsStandalone target not found
Refreshing native plugins compatible for Editor in 0.47 ms, found 3 plugins.
Preloading 0 native plugins for Editor in 0.00 ms.
Mono: successfully reloaded assembly
- Completed reload, in  0.676 seconds
Domain Reload Profiling:
	ReloadAssembly (677ms)
		BeginReloadAssembly (102ms)
			ExecutionOrderSort (0ms)
			DisableScriptedObjects (4ms)
			BackupInstance (0ms)
			ReleaseScriptingObjects (0ms)
			CreateAndSetChildDomain (24ms)
		EndReloadAssembly (508ms)
			LoadAssemblies (61ms)
			RebuildTransferFunctionScriptingTraits (0ms)
			SetupTypeCache (176ms)
			ReleaseScriptCaches (1ms)
			RebuildScriptCaches (26ms)
			SetupLoadedEditorAssemblies (222ms)
				LogAssemblyErrors (0ms)
				InitializePlatformSupportModulesInManaged (4ms)
				SetLoadedEditorAssemblies (0ms)
				RefreshPlugins (1ms)
				BeforeProcessingInitializeOnLoad (44ms)
				ProcessInitializeOnLoadAttributes (155ms)
				ProcessInitializeOnLoadMethodAttributes (13ms)
				AfterProcessingInitializeOnLoad (4ms)
				EditorAssembliesLoaded (0ms)
			ExecutionOrderSort2 (0ms)
			AwakeInstancesAfterBackupRestoration (4ms)
Platform modules already initialized, skipping
Refreshing native plugins compatible for Editor in 1.10 ms, found 3 plugins.
Preloading 0 native plugins for Editor in 0.00 ms.
Unloading 3124 Unused Serialized files (Serialized files now loaded: 0)
Unloading 17 unused Assets / (80.2 KB). Loaded Objects now: 3715.
Memory consumption went from 131.0 MB to 131.0 MB.
Total: 2.001400 ms (FindLiveObjects: 0.151700 ms CreateObjectMapping: 0.064900 ms MarkObjects: 1.714900 ms  DeleteObjects: 0.069000 ms)

AssetImportParameters requested are different than current active one (requested -> active):
  custom:video-decoder-ogg-theora: a1e56fd34408186e4bbccfd4996cb3dc -> 
  custom:container-muxer-webm: aa71ff27fc2769a1b78a27578f13a17b -> 
  custom:container-demuxer-webm: 4f35f7cbe854078d1ac9338744f61a02 -> 
  custom:video-encoder-webm-vp8: eb34c28f22e8b96e1ab97ce403110664 -> 
  custom:audio-encoder-webm-vorbis: bf7c407c2cedff20999df2af8eb42d56 -> 
  custom:framework-win-MediaFoundation: 216162199b28c13a410421893ffa2e32 -> 
  custom:container-demuxer-ogg: 62fdf1f143b41e24485cea50d1cbac27 -> 
  custom:video-decoder-webm-vp8: 9c59270c3fd7afecdb556c50c9e8de78 -> 
  custom:audio-decoder-ogg-vorbis: bf7c407c2cedff20999df2af8eb42d56 -> 
